#
# There is insufficient memory for the Java Runtime Environment to continue.
# Native memory allocation (malloc) failed to allocate 1058416 bytes for Chunk::new
# Possible reasons:
#   The system is out of physical RAM or swap space
#   The process is running with CompressedOops enabled, and the Java Heap may be blocking the growth of the native heap
# Possible solutions:
#   Reduce memory load on the system
#   Increase physical memory or swap space
#   Check if swap backing store is full
#   Decrease Java heap size (-Xmx/-Xms)
#   Decrease number of Java threads
#   Decrease Java thread stack sizes (-Xss)
#   Set larger code cache with -XX:ReservedCodeCacheSize=
#   JVM is running with Unscaled Compressed Oops mode in which the Java heap is
#     placed in the first 4GB address space. The Java Heap base address is the
#     maximum limit for the native heap growth. Please use -XX:HeapBaseMinAddress
#     to set the Java Heap base and to place the Java Heap above 4GB virtual address.
# This output file may be truncated or incomplete.
#
#  Out of Memory Error (arena.cpp:191), pid=5852, tid=10120
#
# JRE version: OpenJDK Runtime Environment (17.0.9) (build 17.0.9+0--11185874)
# Java VM: OpenJDK 64-Bit Server VM (17.0.9+0--11185874, mixed mode, tiered, compressed oops, compressed class ptrs, g1 gc, windows-amd64)
# No core dump will be written. Minidumps are not enabled by default on client versions of Windows
#

---------------  S U M M A R Y ------------

Command Line: --add-opens=java.base/java.util=ALL-UNNAMED --add-opens=java.base/java.lang=ALL-UNNAMED --add-opens=java.base/java.lang.invoke=ALL-UNNAMED --add-opens=java.prefs/java.util.prefs=ALL-UNNAMED --add-opens=java.base/java.nio.charset=ALL-UNNAMED --add-opens=java.base/java.net=ALL-UNNAMED --add-opens=java.base/java.util.concurrent.atomic=ALL-UNNAMED -Xmx2048m -Dfile.encoding=UTF-8 -Duser.country=MX -Duser.language=es -Duser.variant -javaagent:C:\Users\vic_g\.gradle\wrapper\dists\gradle-8.4-bin\1w5dpkrfk8irigvoxmyhowfim\gradle-8.4\lib\agents\gradle-instrumentation-agent-8.4.jar org.gradle.launcher.daemon.bootstrap.GradleDaemon 8.4

Host: AMD Ryzen 5 5600G with Radeon Graphics         , 12 cores, 13G,  Windows 11 , 64 bit Build 22621 (10.0.22621.3235)
Time: Mon Apr  1 20:25:50 2024 Hora estándar central (México) elapsed time: 11.634852 seconds (0d 0h 0m 11s)

---------------  T H R E A D  ---------------

Current thread (0x00000258fbe2a1a0):  JavaThread "C2 CompilerThread1" daemon [_thread_in_native, id=10120, stack(0x00000072a0800000,0x00000072a0900000)]


Current CompileTask:
C2:  11634 13685       4       org.gradle.internal.instantiation.generator.AbstractClassGenerator::inspectType (560 bytes)

Stack: [0x00000072a0800000,0x00000072a0900000]
Native frames: (J=compiled Java code, j=interpreted, Vv=VM code, C=native code)
V  [jvm.dll+0x6886e9]
V  [jvm.dll+0x841e4a]
V  [jvm.dll+0x843a8e]
V  [jvm.dll+0x8440f3]
V  [jvm.dll+0x24c14f]
V  [jvm.dll+0xac44c]
V  [jvm.dll+0xaca9c]
V  [jvm.dll+0x2b376f]
V  [jvm.dll+0x590767]
V  [jvm.dll+0x226762]
V  [jvm.dll+0x226b4f]
V  [jvm.dll+0x21fc76]
V  [jvm.dll+0x21d0c1]
V  [jvm.dll+0x1a674d]
V  [jvm.dll+0x22d088]
V  [jvm.dll+0x22b1c0]
V  [jvm.dll+0x7f62f7]
V  [jvm.dll+0x7f06aa]
V  [jvm.dll+0x687565]
C  [ucrtbase.dll+0x29363]
C  [KERNEL32.DLL+0x1257d]
C  [ntdll.dll+0x5aa58]


---------------  P R O C E S S  ---------------

Threads class SMR info:
_java_thread_list=0x00000258fb4dadb0, length=63, elements={
0x00000258d4fbc230, 0x00000258ee9cea10, 0x00000258ee9b6c80, 0x00000258ef312a00,
0x00000258ef3135c0, 0x00000258ef314180, 0x00000258ef328410, 0x00000258ef329010,
0x00000258ef336ef0, 0x00000258ef339900, 0x00000258ef2d06e0, 0x00000258ef5db9a0,
0x00000258f5254160, 0x00000258f5e07f90, 0x00000258f5f3a9c0, 0x00000258f5968040,
0x00000258f589f4c0, 0x00000258f5e4b810, 0x00000258f5e20030, 0x00000258f45ba770,
0x00000258f45b9d50, 0x00000258f45b8400, 0x00000258f45bac80, 0x00000258f45b8e20,
0x00000258f45b7ef0, 0x00000258f45ba260, 0x00000258f45b9840, 0x00000258f45b9330,
0x00000258f45bb6a0, 0x00000258f45b8910, 0x00000258f7b81470, 0x00000258f7b823a0,
0x00000258f7b828b0, 0x00000258f7b832d0, 0x00000258f7b80f60, 0x00000258f7b7f100,
0x00000258f7b84200, 0x00000258f7b837e0, 0x00000258f7b82dc0, 0x00000258f7b81980,
0x00000258f7b81e90, 0x00000258f7b7e6e0, 0x00000258f7b84c20, 0x00000258f7b80a50,
0x00000258f7b7dcc0, 0x00000258f7b7d7b0, 0x00000258f7b85130, 0x00000258f7b7e1d0,
0x00000258f7b7ebf0, 0x00000258f7b7fb20, 0x00000258f7b80030, 0x00000258f7b80540,
0x00000258f90780e0, 0x00000258f9075860, 0x00000258f90725c0, 0x00000258f9077bd0,
0x00000258f90720b0, 0x00000258f9073a00, 0x00000258f9075d70, 0x00000258f9076280,
0x00000258f9074420, 0x00000258fbe2a1a0, 0x00000258f77f8fe0
}

Java Threads: ( => current thread )
  0x00000258d4fbc230 JavaThread "main" [_thread_blocked, id=16768, stack(0x000000729f500000,0x000000729f600000)]
  0x00000258ee9cea10 JavaThread "Reference Handler" daemon [_thread_blocked, id=18524, stack(0x000000729fc00000,0x000000729fd00000)]
  0x00000258ee9b6c80 JavaThread "Finalizer" daemon [_thread_blocked, id=20396, stack(0x000000729fd00000,0x000000729fe00000)]
  0x00000258ef312a00 JavaThread "Signal Dispatcher" daemon [_thread_blocked, id=14668, stack(0x000000729fe00000,0x000000729ff00000)]
  0x00000258ef3135c0 JavaThread "Attach Listener" daemon [_thread_blocked, id=19436, stack(0x000000729ff00000,0x00000072a0000000)]
  0x00000258ef314180 JavaThread "Service Thread" daemon [_thread_blocked, id=5076, stack(0x00000072a0000000,0x00000072a0100000)]
  0x00000258ef328410 JavaThread "Monitor Deflation Thread" daemon [_thread_blocked, id=18404, stack(0x00000072a0100000,0x00000072a0200000)]
  0x00000258ef329010 JavaThread "C2 CompilerThread0" daemon [_thread_in_native, id=13764, stack(0x00000072a0200000,0x00000072a0300000)]
  0x00000258ef336ef0 JavaThread "C1 CompilerThread0" daemon [_thread_blocked, id=3488, stack(0x00000072a0300000,0x00000072a0400000)]
  0x00000258ef339900 JavaThread "Sweeper thread" daemon [_thread_blocked, id=17348, stack(0x00000072a0400000,0x00000072a0500000)]
  0x00000258ef2d06e0 JavaThread "Common-Cleaner" daemon [_thread_blocked, id=8140, stack(0x00000072a0500000,0x00000072a0600000)]
  0x00000258ef5db9a0 JavaThread "Notification Thread" daemon [_thread_blocked, id=19496, stack(0x00000072a0600000,0x00000072a0700000)]
  0x00000258f5254160 JavaThread "Daemon health stats" [_thread_blocked, id=17828, stack(0x00000072a0e00000,0x00000072a0f00000)]
  0x00000258f5e07f90 JavaThread "Incoming local TCP Connector on port 61520" [_thread_in_native, id=11636, stack(0x00000072a0f00000,0x00000072a1000000)]
  0x00000258f5f3a9c0 JavaThread "Daemon periodic checks" [_thread_blocked, id=19788, stack(0x00000072a1000000,0x00000072a1100000)]
  0x00000258f5968040 JavaThread "Daemon" [_thread_blocked, id=16672, stack(0x00000072a1100000,0x00000072a1200000)]
  0x00000258f589f4c0 JavaThread "Handler for socket connection from /127.0.0.1:61520 to /127.0.0.1:61521" [_thread_in_native, id=4884, stack(0x00000072a1200000,0x00000072a1300000)]
  0x00000258f5e4b810 JavaThread "Cancel handler" [_thread_blocked, id=9624, stack(0x00000072a1300000,0x00000072a1400000)]
  0x00000258f5e20030 JavaThread "Daemon worker" [_thread_in_vm, id=15616, stack(0x00000072a1400000,0x00000072a1500000)]
  0x00000258f45ba770 JavaThread "Asynchronous log dispatcher for DefaultDaemonConnection: socket connection from /127.0.0.1:61520 to /127.0.0.1:61521" [_thread_blocked, id=16584, stack(0x00000072a1500000,0x00000072a1600000)]
  0x00000258f45b9d50 JavaThread "Stdin handler" [_thread_blocked, id=18308, stack(0x00000072a1600000,0x00000072a1700000)]
  0x00000258f45b8400 JavaThread "Daemon client event forwarder" [_thread_blocked, id=15388, stack(0x00000072a1700000,0x00000072a1800000)]
  0x00000258f45bac80 JavaThread "Cache worker for journal cache (C:\Users\vic_g\.gradle\caches\journal-1)" [_thread_blocked, id=15352, stack(0x00000072a1f00000,0x00000072a2000000)]
  0x00000258f45b8e20 JavaThread "File lock request listener" [_thread_in_native, id=15188, stack(0x00000072a2000000,0x00000072a2100000)]
  0x00000258f45b7ef0 JavaThread "Cache worker for file hash cache (C:\Users\vic_g\.gradle\caches\8.4\fileHashes)" [_thread_blocked, id=16596, stack(0x00000072a2100000,0x00000072a2200000)]
  0x00000258f45ba260 JavaThread "File watcher server" daemon [_thread_in_native, id=8188, stack(0x00000072a2200000,0x00000072a2300000)]
  0x00000258f45b9840 JavaThread "File watcher consumer" daemon [_thread_blocked, id=6352, stack(0x00000072a2300000,0x00000072a2400000)]
  0x00000258f45b9330 JavaThread "jar transforms" [_thread_blocked, id=9812, stack(0x00000072a2400000,0x00000072a2500000)]
  0x00000258f45bb6a0 JavaThread "jar transforms Thread 2" [_thread_blocked, id=15508, stack(0x00000072a2500000,0x00000072a2600000)]
  0x00000258f45b8910 JavaThread "jar transforms Thread 3" [_thread_blocked, id=10404, stack(0x00000072a2600000,0x00000072a2700000)]
  0x00000258f7b81470 JavaThread "jar transforms Thread 4" [_thread_blocked, id=19524, stack(0x00000072a2700000,0x00000072a2800000)]
  0x00000258f7b823a0 JavaThread "jar transforms Thread 5" [_thread_blocked, id=4488, stack(0x00000072a2800000,0x00000072a2900000)]
  0x00000258f7b828b0 JavaThread "jar transforms Thread 6" [_thread_blocked, id=6504, stack(0x00000072a2900000,0x00000072a2a00000)]
  0x00000258f7b832d0 JavaThread "jar transforms Thread 7" [_thread_blocked, id=3736, stack(0x00000072a2a00000,0x00000072a2b00000)]
  0x00000258f7b80f60 JavaThread "jar transforms Thread 8" [_thread_blocked, id=19976, stack(0x00000072a2b00000,0x00000072a2c00000)]
  0x00000258f7b7f100 JavaThread "jar transforms Thread 9" [_thread_blocked, id=728, stack(0x00000072a2c00000,0x00000072a2d00000)]
  0x00000258f7b84200 JavaThread "jar transforms Thread 10" [_thread_blocked, id=9248, stack(0x00000072a2d00000,0x00000072a2e00000)]
  0x00000258f7b837e0 JavaThread "jar transforms Thread 11" [_thread_blocked, id=15232, stack(0x00000072a2e00000,0x00000072a2f00000)]
  0x00000258f7b82dc0 JavaThread "jar transforms Thread 12" [_thread_blocked, id=17712, stack(0x00000072a2f00000,0x00000072a3000000)]
  0x00000258f7b81980 JavaThread "Cache worker for checksums cache (C:\Users\vic_g\AndroidStudioProjects\Caelarea\.gradle\8.4\checksums)" [_thread_blocked, id=20164, stack(0x00000072a3000000,0x00000072a3100000)]
  0x00000258f7b81e90 JavaThread "Cache worker for file hash cache (C:\Users\vic_g\AndroidStudioProjects\Caelarea\.gradle\8.4\fileHashes)" [_thread_blocked, id=18200, stack(0x00000072a3100000,0x00000072a3200000)]
  0x00000258f7b7e6e0 JavaThread "Cache worker for cache directory md-supplier (C:\Users\vic_g\.gradle\caches\8.4\md-supplier)" [_thread_blocked, id=15868, stack(0x00000072a3200000,0x00000072a3300000)]
  0x00000258f7b84c20 JavaThread "Cache worker for file content cache (C:\Users\vic_g\.gradle\caches\8.4\fileContent)" [_thread_blocked, id=6496, stack(0x00000072a3300000,0x00000072a3400000)]
  0x00000258f7b80a50 JavaThread "Cache worker for cache directory md-rule (C:\Users\vic_g\.gradle\caches\8.4\md-rule)" [_thread_blocked, id=20240, stack(0x00000072a3400000,0x00000072a3500000)]
  0x00000258f7b7dcc0 JavaThread "Cache worker for execution history cache (C:\Users\vic_g\.gradle\caches\8.4\executionHistory)" [_thread_blocked, id=13860, stack(0x00000072a3500000,0x00000072a3600000)]
  0x00000258f7b7d7b0 JavaThread "Cache worker for kotlin-dsl (C:\Users\vic_g\.gradle\caches\8.4\kotlin-dsl)" [_thread_blocked, id=15852, stack(0x00000072a3600000,0x00000072a3700000)]
  0x00000258f7b85130 JavaThread "Cache worker for dependencies-accessors (C:\Users\vic_g\AndroidStudioProjects\Caelarea\.gradle\8.4\dependencies-accessors)" [_thread_blocked, id=17384, stack(0x00000072a3700000,0x00000072a3800000)]
  0x00000258f7b7e1d0 JavaThread "Cache worker for Build Output Cleanup Cache (C:\Users\vic_g\AndroidStudioProjects\Caelarea\.gradle\buildOutputCleanup)" [_thread_blocked, id=10864, stack(0x00000072a3800000,0x00000072a3900000)]
  0x00000258f7b7ebf0 JavaThread "Unconstrained build operations" [_thread_blocked, id=7116, stack(0x00000072a3900000,0x00000072a3a00000)]
  0x00000258f7b7fb20 JavaThread "Unconstrained build operations Thread 2" [_thread_blocked, id=3648, stack(0x00000072a3a00000,0x00000072a3b00000)]
  0x00000258f7b80030 JavaThread "Unconstrained build operations Thread 3" [_thread_blocked, id=16376, stack(0x00000072a3b00000,0x00000072a3c00000)]
  0x00000258f7b80540 JavaThread "Unconstrained build operations Thread 4" [_thread_blocked, id=15768, stack(0x00000072a3c00000,0x00000072a3d00000)]
  0x00000258f90780e0 JavaThread "Unconstrained build operations Thread 5" [_thread_blocked, id=19476, stack(0x00000072a3d00000,0x00000072a3e00000)]
  0x00000258f9075860 JavaThread "Unconstrained build operations Thread 6" [_thread_blocked, id=7428, stack(0x00000072a3e00000,0x00000072a3f00000)]
  0x00000258f90725c0 JavaThread "Unconstrained build operations Thread 7" [_thread_blocked, id=16128, stack(0x00000072a3f00000,0x00000072a4000000)]
  0x00000258f9077bd0 JavaThread "Unconstrained build operations Thread 8" [_thread_blocked, id=17964, stack(0x00000072a4000000,0x00000072a4100000)]
  0x00000258f90720b0 JavaThread "Unconstrained build operations Thread 9" [_thread_blocked, id=15464, stack(0x00000072a4100000,0x00000072a4200000)]
  0x00000258f9073a00 JavaThread "Unconstrained build operations Thread 10" [_thread_blocked, id=13920, stack(0x00000072a4200000,0x00000072a4300000)]
  0x00000258f9075d70 JavaThread "Unconstrained build operations Thread 11" [_thread_blocked, id=17292, stack(0x00000072a4300000,0x00000072a4400000)]
  0x00000258f9076280 JavaThread "Memory manager" [_thread_blocked, id=9776, stack(0x00000072a4600000,0x00000072a4700000)]
  0x00000258f9074420 JavaThread "build event listener" [_thread_blocked, id=20384, stack(0x00000072a4700000,0x00000072a4800000)]
=>0x00000258fbe2a1a0 JavaThread "C2 CompilerThread1" daemon [_thread_in_native, id=10120, stack(0x00000072a0800000,0x00000072a0900000)]
  0x00000258f77f8fe0 JavaThread "C2 CompilerThread2" daemon [_thread_in_native, id=19724, stack(0x00000072a0900000,0x00000072a0a00000)]

Other Threads:
  0x00000258ee97b800 VMThread "VM Thread" [stack: 0x000000729fb00000,0x000000729fc00000] [id=15732]
  0x00000258d4fbd0b0 WatcherThread [stack: 0x00000072a0700000,0x00000072a0800000] [id=15756]
  0x00000258d2e5e8a0 GCTaskThread "GC Thread#0" [stack: 0x000000729f600000,0x000000729f700000] [id=8916]
  0x00000258f4e59470 GCTaskThread "GC Thread#1" [stack: 0x00000072a0a00000,0x00000072a0b00000] [id=16516]
  0x00000258f4c9f6f0 GCTaskThread "GC Thread#2" [stack: 0x00000072a0b00000,0x00000072a0c00000] [id=17360]
  0x00000258f4c9f9b0 GCTaskThread "GC Thread#3" [stack: 0x00000072a0c00000,0x00000072a0d00000] [id=1728]
  0x00000258f41442e0 GCTaskThread "GC Thread#4" [stack: 0x00000072a0d00000,0x00000072a0e00000] [id=12376]
  0x00000258f5e20510 GCTaskThread "GC Thread#5" [stack: 0x00000072a1800000,0x00000072a1900000] [id=4828]
  0x00000258f59b15a0 GCTaskThread "GC Thread#6" [stack: 0x00000072a1900000,0x00000072a1a00000] [id=15956]
  0x00000258f5016170 GCTaskThread "GC Thread#7" [stack: 0x00000072a1a00000,0x00000072a1b00000] [id=16452]
  0x00000258f5825740 GCTaskThread "GC Thread#8" [stack: 0x00000072a1b00000,0x00000072a1c00000] [id=11008]
  0x00000258f623f870 GCTaskThread "GC Thread#9" [stack: 0x00000072a1c00000,0x00000072a1d00000] [id=17792]
  0x00000258d5024ad0 ConcurrentGCThread "G1 Main Marker" [stack: 0x000000729f700000,0x000000729f800000] [id=10492]
  0x00000258d5025400 ConcurrentGCThread "G1 Conc#0" [stack: 0x000000729f800000,0x000000729f900000] [id=4820]
  0x00000258f54f3d80 ConcurrentGCThread "G1 Conc#1" [stack: 0x00000072a1d00000,0x00000072a1e00000] [id=1972]
  0x00000258f59a6c00 ConcurrentGCThread "G1 Conc#2" [stack: 0x00000072a1e00000,0x00000072a1f00000] [id=4816]
  0x00000258d503d380 ConcurrentGCThread "G1 Refine#0" [stack: 0x000000729f900000,0x000000729fa00000] [id=3136]
  0x00000258f969ea70 ConcurrentGCThread "G1 Refine#1" [stack: 0x00000072a4400000,0x00000072a4500000] [id=15016]
  0x00000258f969deb0 ConcurrentGCThread "G1 Refine#2" [stack: 0x00000072a4500000,0x00000072a4600000] [id=736]
  0x00000258f7ac0120 ConcurrentGCThread "G1 Refine#3" [stack: 0x00000072a4800000,0x00000072a4900000] [id=8308]
  0x00000258f7ac0410 ConcurrentGCThread "G1 Refine#4" [stack: 0x00000072a4900000,0x00000072a4a00000] [id=20448]
  0x00000258f7ac1e80 ConcurrentGCThread "G1 Refine#5" [stack: 0x00000072a4a00000,0x00000072a4b00000] [id=3212]
  0x00000258f7ac0700 ConcurrentGCThread "G1 Refine#6" [stack: 0x00000072a4b00000,0x00000072a4c00000] [id=12284]
  0x00000258f7ac15b0 ConcurrentGCThread "G1 Refine#7" [stack: 0x00000072a4c00000,0x00000072a4d00000] [id=10572]
  0x00000258f7abf560 ConcurrentGCThread "G1 Refine#8" [stack: 0x00000072a4d00000,0x00000072a4e00000] [id=20020]
  0x00000258f7ac2170 ConcurrentGCThread "G1 Refine#9" [stack: 0x00000072a4e00000,0x00000072a4f00000] [id=2000]
  0x00000258d503ddb0 ConcurrentGCThread "G1 Service" [stack: 0x000000729fa00000,0x000000729fb00000] [id=7264]

Threads with active compile tasks:
C2 CompilerThread0    11655 13575       4       org.objectweb.asm.Frame::execute (2318 bytes)
C2 CompilerThread1    11655 13685       4       org.gradle.internal.instantiation.generator.AbstractClassGenerator::inspectType (560 bytes)
C2 CompilerThread2    11655 13738       4       java.util.StringJoiner::toString (53 bytes)

VM state: not at safepoint (normal execution)

VM Mutex/Monitor currently owned by a thread: None

Heap address: 0x0000000080000000, size: 2048 MB, Compressed Oops mode: 32-bit

CDS archive(s) not mapped
Compressed class space mapped at: 0x0000000100000000-0x0000000140000000, reserved size: 1073741824
Narrow klass base: 0x0000000000000000, Narrow klass shift: 3, Narrow klass range: 0x140000000

GC Precious Log:
 CPUs: 12 total, 12 available
 Memory: 14127M
 Large Page Support: Disabled
 NUMA Support: Disabled
 Compressed Oops: Enabled (32-bit)
 Heap Region Size: 1M
 Heap Min Capacity: 8M
 Heap Initial Capacity: 222M
 Heap Max Capacity: 2G
 Pre-touch: Disabled
 Parallel Workers: 10
 Concurrent Workers: 3
 Concurrent Refinement Workers: 10
 Periodic GC: Disabled

Heap:
 garbage-first heap   total 285696K, used 238385K [0x0000000080000000, 0x0000000100000000)
  region size 1024K, 73 young (74752K), 5 survivors (5120K)
 Metaspace       used 149195K, committed 150080K, reserved 1179648K
  class space    used 19477K, committed 19904K, reserved 1048576K

Heap Regions: E=young(eden), S=young(survivor), O=old, HS=humongous(starts), HC=humongous(continues), CS=collection set, F=free, OA=open archive, CA=closed archive, TAMS=top-at-mark-start (previous, next)
|   0|0x0000000080000000, 0x0000000080100000, 0x0000000080100000|100%|HS|  |TAMS 0x0000000080100000, 0x0000000080000000| Complete 
|   1|0x0000000080100000, 0x0000000080200000, 0x0000000080200000|100%|HC|  |TAMS 0x0000000080200000, 0x0000000080100000| Complete 
|   2|0x0000000080200000, 0x0000000080300000, 0x0000000080300000|100%|HC|  |TAMS 0x0000000080300000, 0x0000000080200000| Complete 
|   3|0x0000000080300000, 0x0000000080400000, 0x0000000080400000|100%|HC|  |TAMS 0x0000000080400000, 0x0000000080300000| Complete 
|   4|0x0000000080400000, 0x0000000080500000, 0x0000000080500000|100%| O|  |TAMS 0x0000000080500000, 0x0000000080400000| Untracked 
|   5|0x0000000080500000, 0x0000000080600000, 0x0000000080600000|100%| O|  |TAMS 0x0000000080600000, 0x0000000080500000| Untracked 
|   6|0x0000000080600000, 0x0000000080700000, 0x0000000080700000|100%| O|  |TAMS 0x0000000080700000, 0x0000000080600000| Untracked 
|   7|0x0000000080700000, 0x0000000080800000, 0x0000000080800000|100%| O|  |TAMS 0x0000000080800000, 0x0000000080700000| Untracked 
|   8|0x0000000080800000, 0x0000000080900000, 0x0000000080900000|100%| O|  |TAMS 0x0000000080900000, 0x0000000080800000| Untracked 
|   9|0x0000000080900000, 0x0000000080a00000, 0x0000000080a00000|100%| O|  |TAMS 0x0000000080a00000, 0x0000000080900000| Untracked 
|  10|0x0000000080a00000, 0x0000000080b00000, 0x0000000080b00000|100%| O|  |TAMS 0x0000000080b00000, 0x0000000080a00000| Untracked 
|  11|0x0000000080b00000, 0x0000000080c00000, 0x0000000080c00000|100%| O|  |TAMS 0x0000000080c00000, 0x0000000080b00000| Untracked 
|  12|0x0000000080c00000, 0x0000000080d00000, 0x0000000080d00000|100%| O|  |TAMS 0x0000000080d00000, 0x0000000080c00000| Untracked 
|  13|0x0000000080d00000, 0x0000000080e00000, 0x0000000080e00000|100%| O|  |TAMS 0x0000000080e00000, 0x0000000080d00000| Untracked 
|  14|0x0000000080e00000, 0x0000000080f00000, 0x0000000080f00000|100%| O|  |TAMS 0x0000000080f00000, 0x0000000080e00000| Untracked 
|  15|0x0000000080f00000, 0x0000000081000000, 0x0000000081000000|100%| O|  |TAMS 0x0000000081000000, 0x0000000080f00000| Untracked 
|  16|0x0000000081000000, 0x0000000081100000, 0x0000000081100000|100%| O|  |TAMS 0x0000000081100000, 0x0000000081000000| Untracked 
|  17|0x0000000081100000, 0x0000000081200000, 0x0000000081200000|100%| O|  |TAMS 0x0000000081200000, 0x0000000081100000| Untracked 
|  18|0x0000000081200000, 0x0000000081300000, 0x0000000081300000|100%| O|  |TAMS 0x0000000081300000, 0x0000000081200000| Untracked 
|  19|0x0000000081300000, 0x0000000081400000, 0x0000000081400000|100%|HS|  |TAMS 0x0000000081400000, 0x0000000081300000| Complete 
|  20|0x0000000081400000, 0x0000000081500000, 0x0000000081500000|100%|HC|  |TAMS 0x0000000081500000, 0x0000000081400000| Complete 
|  21|0x0000000081500000, 0x0000000081600000, 0x0000000081600000|100%|HS|  |TAMS 0x0000000081600000, 0x0000000081500000| Complete 
|  22|0x0000000081600000, 0x0000000081700000, 0x0000000081700000|100%|HC|  |TAMS 0x0000000081700000, 0x0000000081600000| Complete 
|  23|0x0000000081700000, 0x0000000081800000, 0x0000000081800000|100%|HC|  |TAMS 0x0000000081800000, 0x0000000081700000| Complete 
|  24|0x0000000081800000, 0x0000000081900000, 0x0000000081900000|100%|HS|  |TAMS 0x0000000081900000, 0x0000000081800000| Complete 
|  25|0x0000000081900000, 0x0000000081a00000, 0x0000000081a00000|100%|HC|  |TAMS 0x0000000081a00000, 0x0000000081900000| Complete 
|  26|0x0000000081a00000, 0x0000000081b00000, 0x0000000081b00000|100%|HC|  |TAMS 0x0000000081b00000, 0x0000000081a00000| Complete 
|  27|0x0000000081b00000, 0x0000000081c00000, 0x0000000081c00000|100%|HS|  |TAMS 0x0000000081c00000, 0x0000000081b00000| Complete 
|  28|0x0000000081c00000, 0x0000000081d00000, 0x0000000081d00000|100%|HC|  |TAMS 0x0000000081d00000, 0x0000000081c00000| Complete 
|  29|0x0000000081d00000, 0x0000000081e00000, 0x0000000081e00000|100%|HC|  |TAMS 0x0000000081e00000, 0x0000000081d00000| Complete 
|  30|0x0000000081e00000, 0x0000000081f00000, 0x0000000081f00000|100%| O|  |TAMS 0x0000000081f00000, 0x0000000081e00000| Untracked 
|  31|0x0000000081f00000, 0x0000000082000000, 0x0000000082000000|100%| O|  |TAMS 0x0000000082000000, 0x0000000081f00000| Untracked 
|  32|0x0000000082000000, 0x0000000082100000, 0x0000000082100000|100%| O|  |TAMS 0x0000000082100000, 0x0000000082000000| Untracked 
|  33|0x0000000082100000, 0x0000000082200000, 0x0000000082200000|100%| O|  |TAMS 0x0000000082200000, 0x0000000082100000| Untracked 
|  34|0x0000000082200000, 0x0000000082300000, 0x0000000082300000|100%| O|  |TAMS 0x0000000082300000, 0x0000000082200000| Untracked 
|  35|0x0000000082300000, 0x0000000082400000, 0x0000000082400000|100%| O|  |TAMS 0x0000000082400000, 0x0000000082300000| Untracked 
|  36|0x0000000082400000, 0x0000000082500000, 0x0000000082500000|100%| O|  |TAMS 0x0000000082500000, 0x0000000082400000| Untracked 
|  37|0x0000000082500000, 0x0000000082600000, 0x0000000082600000|100%| O|  |TAMS 0x0000000082600000, 0x0000000082500000| Untracked 
|  38|0x0000000082600000, 0x0000000082700000, 0x0000000082700000|100%| O|  |TAMS 0x0000000082700000, 0x0000000082600000| Untracked 
|  39|0x0000000082700000, 0x0000000082800000, 0x0000000082800000|100%| O|  |TAMS 0x0000000082800000, 0x0000000082700000| Untracked 
|  40|0x0000000082800000, 0x0000000082900000, 0x0000000082900000|100%| O|  |TAMS 0x0000000082900000, 0x0000000082800000| Untracked 
|  41|0x0000000082900000, 0x0000000082a00000, 0x0000000082a00000|100%| O|  |TAMS 0x0000000082a00000, 0x0000000082900000| Untracked 
|  42|0x0000000082a00000, 0x0000000082b00000, 0x0000000082b00000|100%| O|  |TAMS 0x0000000082b00000, 0x0000000082a00000| Untracked 
|  43|0x0000000082b00000, 0x0000000082c00000, 0x0000000082c00000|100%| O|  |TAMS 0x0000000082c00000, 0x0000000082b00000| Untracked 
|  44|0x0000000082c00000, 0x0000000082d00000, 0x0000000082d00000|100%| O|  |TAMS 0x0000000082d00000, 0x0000000082c00000| Untracked 
|  45|0x0000000082d00000, 0x0000000082e00000, 0x0000000082e00000|100%| O|  |TAMS 0x0000000082e00000, 0x0000000082d00000| Untracked 
|  46|0x0000000082e00000, 0x0000000082f00000, 0x0000000082f00000|100%|HS|  |TAMS 0x0000000082f00000, 0x0000000082e00000| Complete 
|  47|0x0000000082f00000, 0x0000000083000000, 0x0000000083000000|100%|HC|  |TAMS 0x0000000083000000, 0x0000000082f00000| Complete 
|  48|0x0000000083000000, 0x0000000083100000, 0x0000000083100000|100%|HC|  |TAMS 0x0000000083100000, 0x0000000083000000| Complete 
|  49|0x0000000083100000, 0x0000000083200000, 0x0000000083200000|100%| O|  |TAMS 0x0000000083200000, 0x0000000083100000| Untracked 
|  50|0x0000000083200000, 0x0000000083300000, 0x0000000083300000|100%| O|  |TAMS 0x0000000083300000, 0x0000000083200000| Untracked 
|  51|0x0000000083300000, 0x0000000083400000, 0x0000000083400000|100%| O|  |TAMS 0x0000000083400000, 0x0000000083300000| Untracked 
|  52|0x0000000083400000, 0x0000000083500000, 0x0000000083500000|100%| O|  |TAMS 0x0000000083500000, 0x0000000083400000| Untracked 
|  53|0x0000000083500000, 0x0000000083600000, 0x0000000083600000|100%| O|  |TAMS 0x0000000083600000, 0x0000000083500000| Untracked 
|  54|0x0000000083600000, 0x0000000083700000, 0x0000000083700000|100%| O|  |TAMS 0x0000000083700000, 0x0000000083600000| Untracked 
|  55|0x0000000083700000, 0x0000000083800000, 0x0000000083800000|100%| O|  |TAMS 0x0000000083800000, 0x0000000083700000| Untracked 
|  56|0x0000000083800000, 0x0000000083900000, 0x0000000083900000|100%|HS|  |TAMS 0x0000000083900000, 0x0000000083800000| Complete 
|  57|0x0000000083900000, 0x0000000083a00000, 0x0000000083a00000|100%|HS|  |TAMS 0x0000000083a00000, 0x0000000083900000| Complete 
|  58|0x0000000083a00000, 0x0000000083b00000, 0x0000000083b00000|100%|HS|  |TAMS 0x0000000083b00000, 0x0000000083a00000| Complete 
|  59|0x0000000083b00000, 0x0000000083c00000, 0x0000000083c00000|100%|HC|  |TAMS 0x0000000083c00000, 0x0000000083b00000| Complete 
|  60|0x0000000083c00000, 0x0000000083d00000, 0x0000000083d00000|100%|HS|  |TAMS 0x0000000083d00000, 0x0000000083c00000| Complete 
|  61|0x0000000083d00000, 0x0000000083e00000, 0x0000000083e00000|100%|HC|  |TAMS 0x0000000083e00000, 0x0000000083d00000| Complete 
|  62|0x0000000083e00000, 0x0000000083f00000, 0x0000000083f00000|100%|HS|  |TAMS 0x0000000083f00000, 0x0000000083e00000| Complete 
|  63|0x0000000083f00000, 0x0000000084000000, 0x0000000084000000|100%|HS|  |TAMS 0x0000000084000000, 0x0000000083f00000| Complete 
|  64|0x0000000084000000, 0x0000000084100000, 0x0000000084100000|100%|HS|  |TAMS 0x0000000084100000, 0x0000000084000000| Complete 
|  65|0x0000000084100000, 0x0000000084200000, 0x0000000084200000|100%|HC|  |TAMS 0x0000000084200000, 0x0000000084100000| Complete 
|  66|0x0000000084200000, 0x0000000084300000, 0x0000000084300000|100%|HC|  |TAMS 0x0000000084300000, 0x0000000084200000| Complete 
|  67|0x0000000084300000, 0x0000000084400000, 0x0000000084400000|100%|HC|  |TAMS 0x0000000084400000, 0x0000000084300000| Complete 
|  68|0x0000000084400000, 0x0000000084500000, 0x0000000084500000|100%| O|  |TAMS 0x0000000084500000, 0x0000000084400000| Untracked 
|  69|0x0000000084500000, 0x0000000084600000, 0x0000000084600000|100%| O|  |TAMS 0x0000000084600000, 0x0000000084500000| Untracked 
|  70|0x0000000084600000, 0x0000000084700000, 0x0000000084700000|100%| O|  |TAMS 0x0000000084700000, 0x0000000084600000| Untracked 
|  71|0x0000000084700000, 0x0000000084800000, 0x0000000084800000|100%| O|  |TAMS 0x0000000084800000, 0x0000000084700000| Untracked 
|  72|0x0000000084800000, 0x0000000084900000, 0x0000000084900000|100%| O|  |TAMS 0x0000000084900000, 0x0000000084800000| Untracked 
|  73|0x0000000084900000, 0x0000000084a00000, 0x0000000084a00000|100%| O|  |TAMS 0x0000000084a00000, 0x0000000084900000| Untracked 
|  74|0x0000000084a00000, 0x0000000084b00000, 0x0000000084b00000|100%| O|  |TAMS 0x0000000084b00000, 0x0000000084a00000| Untracked 
|  75|0x0000000084b00000, 0x0000000084c00000, 0x0000000084c00000|100%| O|  |TAMS 0x0000000084c00000, 0x0000000084b00000| Untracked 
|  76|0x0000000084c00000, 0x0000000084d00000, 0x0000000084d00000|100%| O|  |TAMS 0x0000000084d00000, 0x0000000084c00000| Untracked 
|  77|0x0000000084d00000, 0x0000000084e00000, 0x0000000084e00000|100%|HS|  |TAMS 0x0000000084e00000, 0x0000000084d00000| Complete 
|  78|0x0000000084e00000, 0x0000000084f00000, 0x0000000084f00000|100%| O|  |TAMS 0x0000000084f00000, 0x0000000084e00000| Untracked 
|  79|0x0000000084f00000, 0x0000000085000000, 0x0000000085000000|100%| O|  |TAMS 0x0000000085000000, 0x0000000084f00000| Untracked 
|  80|0x0000000085000000, 0x0000000085100000, 0x0000000085100000|100%| O|  |TAMS 0x0000000085100000, 0x0000000085000000| Untracked 
|  81|0x0000000085100000, 0x0000000085200000, 0x0000000085200000|100%|HS|  |TAMS 0x0000000085200000, 0x0000000085100000| Complete 
|  82|0x0000000085200000, 0x0000000085300000, 0x0000000085300000|100%| O|  |TAMS 0x0000000085300000, 0x0000000085200000| Untracked 
|  83|0x0000000085300000, 0x0000000085400000, 0x0000000085400000|100%| O|  |TAMS 0x0000000085400000, 0x0000000085300000| Untracked 
|  84|0x0000000085400000, 0x0000000085500000, 0x0000000085500000|100%| O|  |TAMS 0x0000000085500000, 0x0000000085400000| Untracked 
|  85|0x0000000085500000, 0x0000000085600000, 0x0000000085600000|100%| O|  |TAMS 0x0000000085600000, 0x0000000085500000| Untracked 
|  86|0x0000000085600000, 0x0000000085700000, 0x0000000085700000|100%| O|  |TAMS 0x0000000085700000, 0x0000000085600000| Untracked 
|  87|0x0000000085700000, 0x0000000085800000, 0x0000000085800000|100%| O|  |TAMS 0x0000000085800000, 0x0000000085700000| Untracked 
|  88|0x0000000085800000, 0x0000000085900000, 0x0000000085900000|100%|HS|  |TAMS 0x0000000085900000, 0x0000000085800000| Complete 
|  89|0x0000000085900000, 0x0000000085a00000, 0x0000000085a00000|100%|HC|  |TAMS 0x0000000085a00000, 0x0000000085900000| Complete 
|  90|0x0000000085a00000, 0x0000000085b00000, 0x0000000085b00000|100%|HC|  |TAMS 0x0000000085b00000, 0x0000000085a00000| Complete 
|  91|0x0000000085b00000, 0x0000000085c00000, 0x0000000085c00000|100%|HC|  |TAMS 0x0000000085c00000, 0x0000000085b00000| Complete 
|  92|0x0000000085c00000, 0x0000000085d00000, 0x0000000085d00000|100%|HS|  |TAMS 0x0000000085d00000, 0x0000000085c00000| Complete 
|  93|0x0000000085d00000, 0x0000000085e00000, 0x0000000085e00000|100%|HC|  |TAMS 0x0000000085e00000, 0x0000000085d00000| Complete 
|  94|0x0000000085e00000, 0x0000000085f00000, 0x0000000085f00000|100%|HC|  |TAMS 0x0000000085f00000, 0x0000000085e00000| Complete 
|  95|0x0000000085f00000, 0x0000000086000000, 0x0000000086000000|100%|HC|  |TAMS 0x0000000086000000, 0x0000000085f00000| Complete 
|  96|0x0000000086000000, 0x0000000086100000, 0x0000000086100000|100%|HC|  |TAMS 0x0000000086100000, 0x0000000086000000| Complete 
|  97|0x0000000086100000, 0x0000000086200000, 0x0000000086200000|100%|HC|  |TAMS 0x0000000086200000, 0x0000000086100000| Complete 
|  98|0x0000000086200000, 0x0000000086300000, 0x0000000086300000|100%| O|  |TAMS 0x0000000086300000, 0x0000000086200000| Untracked 
|  99|0x0000000086300000, 0x0000000086400000, 0x0000000086400000|100%| O|  |TAMS 0x0000000086400000, 0x0000000086300000| Untracked 
| 100|0x0000000086400000, 0x0000000086500000, 0x0000000086500000|100%| O|  |TAMS 0x0000000086500000, 0x0000000086400000| Untracked 
| 101|0x0000000086500000, 0x0000000086600000, 0x0000000086600000|100%| O|  |TAMS 0x0000000086600000, 0x0000000086500000| Untracked 
| 102|0x0000000086600000, 0x0000000086700000, 0x0000000086700000|100%| O|  |TAMS 0x0000000086700000, 0x0000000086600000| Untracked 
| 103|0x0000000086700000, 0x0000000086800000, 0x0000000086800000|100%| O|  |TAMS 0x0000000086800000, 0x0000000086700000| Untracked 
| 104|0x0000000086800000, 0x0000000086900000, 0x0000000086900000|100%| O|  |TAMS 0x0000000086900000, 0x0000000086800000| Untracked 
| 105|0x0000000086900000, 0x0000000086a00000, 0x0000000086a00000|100%| O|  |TAMS 0x0000000086a00000, 0x0000000086900000| Untracked 
| 106|0x0000000086a00000, 0x0000000086b00000, 0x0000000086b00000|100%| O|  |TAMS 0x0000000086b00000, 0x0000000086a00000| Untracked 
| 107|0x0000000086b00000, 0x0000000086c00000, 0x0000000086c00000|100%| O|  |TAMS 0x0000000086c00000, 0x0000000086b00000| Untracked 
| 108|0x0000000086c00000, 0x0000000086d00000, 0x0000000086d00000|100%| O|  |TAMS 0x0000000086d00000, 0x0000000086c00000| Untracked 
| 109|0x0000000086d00000, 0x0000000086e00000, 0x0000000086e00000|100%| O|  |TAMS 0x0000000086e00000, 0x0000000086d00000| Untracked 
| 110|0x0000000086e00000, 0x0000000086f00000, 0x0000000086f00000|100%| O|  |TAMS 0x0000000086f00000, 0x0000000086e00000| Untracked 
| 111|0x0000000086f00000, 0x0000000087000000, 0x0000000087000000|100%| O|  |TAMS 0x0000000087000000, 0x0000000086f00000| Untracked 
| 112|0x0000000087000000, 0x0000000087100000, 0x0000000087100000|100%| O|  |TAMS 0x0000000087100000, 0x0000000087000000| Untracked 
| 113|0x0000000087100000, 0x0000000087200000, 0x0000000087200000|100%| O|  |TAMS 0x0000000087200000, 0x0000000087100000| Untracked 
| 114|0x0000000087200000, 0x0000000087300000, 0x0000000087300000|100%| O|  |TAMS 0x0000000087300000, 0x0000000087200000| Untracked 
| 115|0x0000000087300000, 0x0000000087400000, 0x0000000087400000|100%| O|  |TAMS 0x0000000087400000, 0x0000000087300000| Untracked 
| 116|0x0000000087400000, 0x0000000087500000, 0x0000000087500000|100%| O|  |TAMS 0x0000000087500000, 0x0000000087400000| Untracked 
| 117|0x0000000087500000, 0x0000000087600000, 0x0000000087600000|100%| O|  |TAMS 0x0000000087600000, 0x0000000087500000| Untracked 
| 118|0x0000000087600000, 0x0000000087700000, 0x0000000087700000|100%| O|  |TAMS 0x0000000087700000, 0x0000000087600000| Untracked 
| 119|0x0000000087700000, 0x0000000087800000, 0x0000000087800000|100%| O|  |TAMS 0x0000000087800000, 0x0000000087700000| Untracked 
| 120|0x0000000087800000, 0x0000000087900000, 0x0000000087900000|100%| O|  |TAMS 0x0000000087900000, 0x0000000087800000| Untracked 
| 121|0x0000000087900000, 0x0000000087a00000, 0x0000000087a00000|100%| O|  |TAMS 0x0000000087a00000, 0x0000000087900000| Untracked 
| 122|0x0000000087a00000, 0x0000000087b00000, 0x0000000087b00000|100%| O|  |TAMS 0x0000000087b00000, 0x0000000087a00000| Untracked 
| 123|0x0000000087b00000, 0x0000000087c00000, 0x0000000087c00000|100%| O|  |TAMS 0x0000000087c00000, 0x0000000087b00000| Untracked 
| 124|0x0000000087c00000, 0x0000000087d00000, 0x0000000087d00000|100%| O|  |TAMS 0x0000000087d00000, 0x0000000087c00000| Untracked 
| 125|0x0000000087d00000, 0x0000000087e00000, 0x0000000087e00000|100%| O|  |TAMS 0x0000000087e00000, 0x0000000087d00000| Untracked 
| 126|0x0000000087e00000, 0x0000000087f00000, 0x0000000087f00000|100%| O|  |TAMS 0x0000000087f00000, 0x0000000087e00000| Untracked 
| 127|0x0000000087f00000, 0x0000000088000000, 0x0000000088000000|100%| O|  |TAMS 0x0000000088000000, 0x0000000087f00000| Untracked 
| 128|0x0000000088000000, 0x0000000088100000, 0x0000000088100000|100%| O|  |TAMS 0x0000000088100000, 0x0000000088000000| Untracked 
| 129|0x0000000088100000, 0x0000000088200000, 0x0000000088200000|100%| O|  |TAMS 0x0000000088200000, 0x0000000088100000| Untracked 
| 130|0x0000000088200000, 0x0000000088300000, 0x0000000088300000|100%| O|  |TAMS 0x0000000088300000, 0x0000000088200000| Untracked 
| 131|0x0000000088300000, 0x0000000088400000, 0x0000000088400000|100%| O|  |TAMS 0x0000000088400000, 0x0000000088300000| Untracked 
| 132|0x0000000088400000, 0x0000000088500000, 0x0000000088500000|100%| O|  |TAMS 0x0000000088500000, 0x0000000088400000| Untracked 
| 133|0x0000000088500000, 0x0000000088600000, 0x0000000088600000|100%| O|  |TAMS 0x0000000088600000, 0x0000000088500000| Untracked 
| 134|0x0000000088600000, 0x0000000088700000, 0x0000000088700000|100%| O|  |TAMS 0x0000000088700000, 0x0000000088600000| Untracked 
| 135|0x0000000088700000, 0x0000000088800000, 0x0000000088800000|100%| O|  |TAMS 0x0000000088800000, 0x0000000088700000| Untracked 
| 136|0x0000000088800000, 0x0000000088900000, 0x0000000088900000|100%| O|  |TAMS 0x0000000088900000, 0x0000000088800000| Untracked 
| 137|0x0000000088900000, 0x0000000088900000, 0x0000000088a00000|  0%| F|  |TAMS 0x0000000088900000, 0x0000000088900000| Untracked 
| 138|0x0000000088a00000, 0x0000000088a00000, 0x0000000088b00000|  0%| F|  |TAMS 0x0000000088a00000, 0x0000000088a00000| Untracked 
| 139|0x0000000088b00000, 0x0000000088c00000, 0x0000000088c00000|100%| O|  |TAMS 0x0000000088c00000, 0x0000000088b00000| Untracked 
| 140|0x0000000088c00000, 0x0000000088d00000, 0x0000000088d00000|100%| O|  |TAMS 0x0000000088d00000, 0x0000000088c00000| Untracked 
| 141|0x0000000088d00000, 0x0000000088e00000, 0x0000000088e00000|100%| O|  |TAMS 0x0000000088e00000, 0x0000000088d00000| Untracked 
| 142|0x0000000088e00000, 0x0000000088f00000, 0x0000000088f00000|100%| O|  |TAMS 0x0000000088f00000, 0x0000000088e00000| Untracked 
| 143|0x0000000088f00000, 0x0000000089000000, 0x0000000089000000|100%| O|  |TAMS 0x0000000088f00000, 0x0000000088f00000| Untracked 
| 144|0x0000000089000000, 0x0000000089100000, 0x0000000089100000|100%| O|  |TAMS 0x0000000089100000, 0x0000000089000000| Untracked 
| 145|0x0000000089100000, 0x0000000089200000, 0x0000000089200000|100%| O|  |TAMS 0x0000000089200000, 0x0000000089100000| Untracked 
| 146|0x0000000089200000, 0x0000000089300000, 0x0000000089300000|100%| O|  |TAMS 0x0000000089300000, 0x0000000089200000| Untracked 
| 147|0x0000000089300000, 0x0000000089400000, 0x0000000089400000|100%| O|  |TAMS 0x0000000089400000, 0x0000000089300000| Untracked 
| 148|0x0000000089400000, 0x0000000089500000, 0x0000000089500000|100%| O|  |TAMS 0x0000000089500000, 0x0000000089400000| Untracked 
| 149|0x0000000089500000, 0x0000000089600000, 0x0000000089600000|100%| O|  |TAMS 0x000000008954e400, 0x0000000089500000| Untracked 
| 150|0x0000000089600000, 0x0000000089700000, 0x0000000089700000|100%| O|  |TAMS 0x0000000089600000, 0x0000000089600000| Untracked 
| 151|0x0000000089700000, 0x0000000089800000, 0x0000000089800000|100%| O|  |TAMS 0x0000000089700000, 0x0000000089700000| Untracked 
| 152|0x0000000089800000, 0x0000000089900000, 0x0000000089900000|100%| O|  |TAMS 0x0000000089800000, 0x0000000089800000| Untracked 
| 153|0x0000000089900000, 0x0000000089a00000, 0x0000000089a00000|100%| O|  |TAMS 0x0000000089900000, 0x0000000089900000| Untracked 
| 154|0x0000000089a00000, 0x0000000089b00000, 0x0000000089b00000|100%| O|  |TAMS 0x0000000089a00000, 0x0000000089a00000| Untracked 
| 155|0x0000000089b00000, 0x0000000089c00000, 0x0000000089c00000|100%| O|  |TAMS 0x0000000089b00000, 0x0000000089b00000| Untracked 
| 156|0x0000000089c00000, 0x0000000089d00000, 0x0000000089d00000|100%| O|  |TAMS 0x0000000089c00000, 0x0000000089c00000| Untracked 
| 157|0x0000000089d00000, 0x0000000089e00000, 0x0000000089e00000|100%| O|  |TAMS 0x0000000089d00000, 0x0000000089d00000| Untracked 
| 158|0x0000000089e00000, 0x0000000089f00000, 0x0000000089f00000|100%| O|  |TAMS 0x0000000089e00000, 0x0000000089e00000| Untracked 
| 159|0x0000000089f00000, 0x000000008a000000, 0x000000008a000000|100%| O|  |TAMS 0x0000000089f00000, 0x0000000089f00000| Untracked 
| 160|0x000000008a000000, 0x000000008a100000, 0x000000008a100000|100%| O|  |TAMS 0x000000008a000000, 0x000000008a000000| Untracked 
| 161|0x000000008a100000, 0x000000008a200000, 0x000000008a200000|100%| O|  |TAMS 0x000000008a100000, 0x000000008a100000| Untracked 
| 162|0x000000008a200000, 0x000000008a300000, 0x000000008a300000|100%| O|  |TAMS 0x000000008a200000, 0x000000008a200000| Untracked 
| 163|0x000000008a300000, 0x000000008a300000, 0x000000008a400000|  0%| F|  |TAMS 0x000000008a300000, 0x000000008a300000| Untracked 
| 164|0x000000008a400000, 0x000000008a400000, 0x000000008a500000|  0%| F|  |TAMS 0x000000008a400000, 0x000000008a400000| Untracked 
| 165|0x000000008a500000, 0x000000008a500000, 0x000000008a600000|  0%| F|  |TAMS 0x000000008a500000, 0x000000008a500000| Untracked 
| 166|0x000000008a600000, 0x000000008a600000, 0x000000008a700000|  0%| F|  |TAMS 0x000000008a600000, 0x000000008a600000| Untracked 
| 167|0x000000008a700000, 0x000000008a700000, 0x000000008a800000|  0%| F|  |TAMS 0x000000008a700000, 0x000000008a700000| Untracked 
| 168|0x000000008a800000, 0x000000008a800000, 0x000000008a900000|  0%| F|  |TAMS 0x000000008a800000, 0x000000008a800000| Untracked 
| 169|0x000000008a900000, 0x000000008a900000, 0x000000008aa00000|  0%| F|  |TAMS 0x000000008a900000, 0x000000008a900000| Untracked 
| 170|0x000000008aa00000, 0x000000008aa00000, 0x000000008ab00000|  0%| F|  |TAMS 0x000000008aa00000, 0x000000008aa00000| Untracked 
| 171|0x000000008ab00000, 0x000000008ab00000, 0x000000008ac00000|  0%| F|  |TAMS 0x000000008ab00000, 0x000000008ab00000| Untracked 
| 172|0x000000008ac00000, 0x000000008ac00000, 0x000000008ad00000|  0%| F|  |TAMS 0x000000008ac00000, 0x000000008ac00000| Untracked 
| 173|0x000000008ad00000, 0x000000008ad00000, 0x000000008ae00000|  0%| F|  |TAMS 0x000000008ad00000, 0x000000008ad00000| Untracked 
| 174|0x000000008ae00000, 0x000000008ae00000, 0x000000008af00000|  0%| F|  |TAMS 0x000000008ae00000, 0x000000008ae00000| Untracked 
| 175|0x000000008af00000, 0x000000008af00000, 0x000000008b000000|  0%| F|  |TAMS 0x000000008af00000, 0x000000008af00000| Untracked 
| 176|0x000000008b000000, 0x000000008b000000, 0x000000008b100000|  0%| F|  |TAMS 0x000000008b000000, 0x000000008b000000| Untracked 
| 177|0x000000008b100000, 0x000000008b100000, 0x000000008b200000|  0%| F|  |TAMS 0x000000008b100000, 0x000000008b100000| Untracked 
| 178|0x000000008b200000, 0x000000008b200000, 0x000000008b300000|  0%| F|  |TAMS 0x000000008b200000, 0x000000008b200000| Untracked 
| 179|0x000000008b300000, 0x000000008b300000, 0x000000008b400000|  0%| F|  |TAMS 0x000000008b300000, 0x000000008b300000| Untracked 
| 180|0x000000008b400000, 0x000000008b400000, 0x000000008b500000|  0%| F|  |TAMS 0x000000008b400000, 0x000000008b400000| Untracked 
| 181|0x000000008b500000, 0x000000008b500000, 0x000000008b600000|  0%| F|  |TAMS 0x000000008b500000, 0x000000008b500000| Untracked 
| 182|0x000000008b600000, 0x000000008b600000, 0x000000008b700000|  0%| F|  |TAMS 0x000000008b600000, 0x000000008b600000| Untracked 
| 183|0x000000008b700000, 0x000000008b700000, 0x000000008b800000|  0%| F|  |TAMS 0x000000008b700000, 0x000000008b700000| Untracked 
| 184|0x000000008b800000, 0x000000008b800000, 0x000000008b900000|  0%| F|  |TAMS 0x000000008b800000, 0x000000008b800000| Untracked 
| 185|0x000000008b900000, 0x000000008b900000, 0x000000008ba00000|  0%| F|  |TAMS 0x000000008b900000, 0x000000008b900000| Untracked 
| 186|0x000000008ba00000, 0x000000008ba00000, 0x000000008bb00000|  0%| F|  |TAMS 0x000000008ba00000, 0x000000008ba00000| Untracked 
| 187|0x000000008bb00000, 0x000000008bb00000, 0x000000008bc00000|  0%| F|  |TAMS 0x000000008bb00000, 0x000000008bb00000| Untracked 
| 188|0x000000008bc00000, 0x000000008bc00000, 0x000000008bd00000|  0%| F|  |TAMS 0x000000008bc00000, 0x000000008bc00000| Untracked 
| 189|0x000000008bd00000, 0x000000008bd00000, 0x000000008be00000|  0%| F|  |TAMS 0x000000008bd00000, 0x000000008bd00000| Untracked 
| 190|0x000000008be00000, 0x000000008be00000, 0x000000008bf00000|  0%| F|  |TAMS 0x000000008be00000, 0x000000008be00000| Untracked 
| 191|0x000000008bf00000, 0x000000008bf00000, 0x000000008c000000|  0%| F|  |TAMS 0x000000008bf00000, 0x000000008bf00000| Untracked 
| 192|0x000000008c000000, 0x000000008c000000, 0x000000008c100000|  0%| F|  |TAMS 0x000000008c000000, 0x000000008c000000| Untracked 
| 193|0x000000008c100000, 0x000000008c100000, 0x000000008c200000|  0%| F|  |TAMS 0x000000008c100000, 0x000000008c100000| Untracked 
| 194|0x000000008c200000, 0x000000008c200000, 0x000000008c300000|  0%| F|  |TAMS 0x000000008c200000, 0x000000008c200000| Untracked 
| 195|0x000000008c300000, 0x000000008c300000, 0x000000008c400000|  0%| F|  |TAMS 0x000000008c300000, 0x000000008c300000| Untracked 
| 196|0x000000008c400000, 0x000000008c400000, 0x000000008c500000|  0%| F|  |TAMS 0x000000008c400000, 0x000000008c400000| Untracked 
| 197|0x000000008c500000, 0x000000008c500000, 0x000000008c600000|  0%| F|  |TAMS 0x000000008c500000, 0x000000008c500000| Untracked 
| 198|0x000000008c600000, 0x000000008c600000, 0x000000008c700000|  0%| F|  |TAMS 0x000000008c600000, 0x000000008c600000| Untracked 
| 199|0x000000008c700000, 0x000000008c700000, 0x000000008c800000|  0%| F|  |TAMS 0x000000008c700000, 0x000000008c700000| Untracked 
| 200|0x000000008c800000, 0x000000008c800000, 0x000000008c900000|  0%| F|  |TAMS 0x000000008c800000, 0x000000008c800000| Untracked 
| 201|0x000000008c900000, 0x000000008c9cc740, 0x000000008ca00000| 79%| S|CS|TAMS 0x000000008c900000, 0x000000008c900000| Complete 
| 202|0x000000008ca00000, 0x000000008cb00000, 0x000000008cb00000|100%| S|CS|TAMS 0x000000008ca00000, 0x000000008ca00000| Complete 
| 203|0x000000008cb00000, 0x000000008cc00000, 0x000000008cc00000|100%| S|CS|TAMS 0x000000008cb00000, 0x000000008cb00000| Complete 
| 204|0x000000008cc00000, 0x000000008cd00000, 0x000000008cd00000|100%| S|CS|TAMS 0x000000008cc00000, 0x000000008cc00000| Complete 
| 205|0x000000008cd00000, 0x000000008ce00000, 0x000000008ce00000|100%| S|CS|TAMS 0x000000008cd00000, 0x000000008cd00000| Complete 
| 206|0x000000008ce00000, 0x000000008ce00000, 0x000000008cf00000|  0%| F|  |TAMS 0x000000008ce00000, 0x000000008ce00000| Untracked 
| 207|0x000000008cf00000, 0x000000008cf00000, 0x000000008d000000|  0%| F|  |TAMS 0x000000008cf00000, 0x000000008cf00000| Untracked 
| 208|0x000000008d000000, 0x000000008d000000, 0x000000008d100000|  0%| F|  |TAMS 0x000000008d000000, 0x000000008d000000| Untracked 
| 209|0x000000008d100000, 0x000000008d100000, 0x000000008d200000|  0%| F|  |TAMS 0x000000008d100000, 0x000000008d100000| Untracked 
| 210|0x000000008d200000, 0x000000008d300000, 0x000000008d300000|100%| E|  |TAMS 0x000000008d200000, 0x000000008d200000| Complete 
| 211|0x000000008d300000, 0x000000008d400000, 0x000000008d400000|100%| E|CS|TAMS 0x000000008d300000, 0x000000008d300000| Complete 
| 212|0x000000008d400000, 0x000000008d500000, 0x000000008d500000|100%| E|CS|TAMS 0x000000008d400000, 0x000000008d400000| Complete 
| 213|0x000000008d500000, 0x000000008d600000, 0x000000008d600000|100%| E|CS|TAMS 0x000000008d500000, 0x000000008d500000| Complete 
| 214|0x000000008d600000, 0x000000008d700000, 0x000000008d700000|100%| E|CS|TAMS 0x000000008d600000, 0x000000008d600000| Complete 
| 215|0x000000008d700000, 0x000000008d800000, 0x000000008d800000|100%| E|CS|TAMS 0x000000008d700000, 0x000000008d700000| Complete 
| 216|0x000000008d800000, 0x000000008d900000, 0x000000008d900000|100%| E|CS|TAMS 0x000000008d800000, 0x000000008d800000| Complete 
| 217|0x000000008d900000, 0x000000008da00000, 0x000000008da00000|100%| E|CS|TAMS 0x000000008d900000, 0x000000008d900000| Complete 
| 218|0x000000008da00000, 0x000000008db00000, 0x000000008db00000|100%| E|CS|TAMS 0x000000008da00000, 0x000000008da00000| Complete 
| 219|0x000000008db00000, 0x000000008dc00000, 0x000000008dc00000|100%| E|CS|TAMS 0x000000008db00000, 0x000000008db00000| Complete 
| 220|0x000000008dc00000, 0x000000008dd00000, 0x000000008dd00000|100%| E|CS|TAMS 0x000000008dc00000, 0x000000008dc00000| Complete 
| 221|0x000000008dd00000, 0x000000008de00000, 0x000000008de00000|100%| E|CS|TAMS 0x000000008dd00000, 0x000000008dd00000| Complete 
| 222|0x000000008de00000, 0x000000008df00000, 0x000000008df00000|100%| E|CS|TAMS 0x000000008de00000, 0x000000008de00000| Complete 
| 223|0x000000008df00000, 0x000000008e000000, 0x000000008e000000|100%| E|CS|TAMS 0x000000008df00000, 0x000000008df00000| Complete 
| 224|0x000000008e000000, 0x000000008e100000, 0x000000008e100000|100%| E|CS|TAMS 0x000000008e000000, 0x000000008e000000| Complete 
| 225|0x000000008e100000, 0x000000008e200000, 0x000000008e200000|100%| E|CS|TAMS 0x000000008e100000, 0x000000008e100000| Complete 
| 226|0x000000008e200000, 0x000000008e300000, 0x000000008e300000|100%| E|CS|TAMS 0x000000008e200000, 0x000000008e200000| Complete 
| 227|0x000000008e300000, 0x000000008e400000, 0x000000008e400000|100%| E|CS|TAMS 0x000000008e300000, 0x000000008e300000| Complete 
| 228|0x000000008e400000, 0x000000008e500000, 0x000000008e500000|100%| E|CS|TAMS 0x000000008e400000, 0x000000008e400000| Complete 
| 229|0x000000008e500000, 0x000000008e600000, 0x000000008e600000|100%| E|CS|TAMS 0x000000008e500000, 0x000000008e500000| Complete 
| 230|0x000000008e600000, 0x000000008e700000, 0x000000008e700000|100%| E|CS|TAMS 0x000000008e600000, 0x000000008e600000| Complete 
| 231|0x000000008e700000, 0x000000008e800000, 0x000000008e800000|100%| E|CS|TAMS 0x000000008e700000, 0x000000008e700000| Complete 
| 232|0x000000008e800000, 0x000000008e900000, 0x000000008e900000|100%| E|CS|TAMS 0x000000008e800000, 0x000000008e800000| Complete 
| 233|0x000000008e900000, 0x000000008ea00000, 0x000000008ea00000|100%| E|CS|TAMS 0x000000008e900000, 0x000000008e900000| Complete 
| 234|0x000000008ea00000, 0x000000008eb00000, 0x000000008eb00000|100%| E|CS|TAMS 0x000000008ea00000, 0x000000008ea00000| Complete 
| 235|0x000000008eb00000, 0x000000008ec00000, 0x000000008ec00000|100%| E|CS|TAMS 0x000000008eb00000, 0x000000008eb00000| Complete 
| 236|0x000000008ec00000, 0x000000008ed00000, 0x000000008ed00000|100%| E|CS|TAMS 0x000000008ec00000, 0x000000008ec00000| Complete 
| 237|0x000000008ed00000, 0x000000008ee00000, 0x000000008ee00000|100%| E|CS|TAMS 0x000000008ed00000, 0x000000008ed00000| Complete 
| 238|0x000000008ee00000, 0x000000008ef00000, 0x000000008ef00000|100%| E|CS|TAMS 0x000000008ee00000, 0x000000008ee00000| Complete 
| 239|0x000000008ef00000, 0x000000008f000000, 0x000000008f000000|100%| E|CS|TAMS 0x000000008ef00000, 0x000000008ef00000| Complete 
| 240|0x000000008f000000, 0x000000008f100000, 0x000000008f100000|100%| E|CS|TAMS 0x000000008f000000, 0x000000008f000000| Complete 
| 241|0x000000008f100000, 0x000000008f200000, 0x000000008f200000|100%| E|CS|TAMS 0x000000008f100000, 0x000000008f100000| Complete 
| 242|0x000000008f200000, 0x000000008f300000, 0x000000008f300000|100%| E|CS|TAMS 0x000000008f200000, 0x000000008f200000| Complete 
| 243|0x000000008f300000, 0x000000008f400000, 0x000000008f400000|100%| E|CS|TAMS 0x000000008f300000, 0x000000008f300000| Complete 
| 244|0x000000008f400000, 0x000000008f500000, 0x000000008f500000|100%| E|CS|TAMS 0x000000008f400000, 0x000000008f400000| Complete 
| 245|0x000000008f500000, 0x000000008f600000, 0x000000008f600000|100%| E|CS|TAMS 0x000000008f500000, 0x000000008f500000| Complete 
| 246|0x000000008f600000, 0x000000008f700000, 0x000000008f700000|100%| E|CS|TAMS 0x000000008f600000, 0x000000008f600000| Complete 
| 247|0x000000008f700000, 0x000000008f800000, 0x000000008f800000|100%| E|CS|TAMS 0x000000008f700000, 0x000000008f700000| Complete 
| 248|0x000000008f800000, 0x000000008f900000, 0x000000008f900000|100%| E|CS|TAMS 0x000000008f800000, 0x000000008f800000| Complete 
| 249|0x000000008f900000, 0x000000008fa00000, 0x000000008fa00000|100%| E|CS|TAMS 0x000000008f900000, 0x000000008f900000| Complete 
| 250|0x000000008fa00000, 0x000000008fb00000, 0x000000008fb00000|100%| E|CS|TAMS 0x000000008fa00000, 0x000000008fa00000| Complete 
| 251|0x000000008fb00000, 0x000000008fc00000, 0x000000008fc00000|100%| E|CS|TAMS 0x000000008fb00000, 0x000000008fb00000| Complete 
| 252|0x000000008fc00000, 0x000000008fd00000, 0x000000008fd00000|100%| E|CS|TAMS 0x000000008fc00000, 0x000000008fc00000| Complete 
| 253|0x000000008fd00000, 0x000000008fe00000, 0x000000008fe00000|100%| E|CS|TAMS 0x000000008fd00000, 0x000000008fd00000| Complete 
| 254|0x000000008fe00000, 0x000000008ff00000, 0x000000008ff00000|100%| E|CS|TAMS 0x000000008fe00000, 0x000000008fe00000| Complete 
| 255|0x000000008ff00000, 0x0000000090000000, 0x0000000090000000|100%| E|CS|TAMS 0x000000008ff00000, 0x000000008ff00000| Complete 
| 256|0x0000000090000000, 0x0000000090100000, 0x0000000090100000|100%| E|CS|TAMS 0x0000000090000000, 0x0000000090000000| Complete 
| 257|0x0000000090100000, 0x0000000090200000, 0x0000000090200000|100%| E|CS|TAMS 0x0000000090100000, 0x0000000090100000| Complete 
| 258|0x0000000090200000, 0x0000000090300000, 0x0000000090300000|100%| E|CS|TAMS 0x0000000090200000, 0x0000000090200000| Complete 
| 259|0x0000000090300000, 0x0000000090400000, 0x0000000090400000|100%| E|CS|TAMS 0x0000000090300000, 0x0000000090300000| Complete 
| 260|0x0000000090400000, 0x0000000090500000, 0x0000000090500000|100%| E|CS|TAMS 0x0000000090400000, 0x0000000090400000| Complete 
| 261|0x0000000090500000, 0x0000000090600000, 0x0000000090600000|100%| E|CS|TAMS 0x0000000090500000, 0x0000000090500000| Complete 
| 262|0x0000000090600000, 0x0000000090700000, 0x0000000090700000|100%| E|CS|TAMS 0x0000000090600000, 0x0000000090600000| Complete 
| 263|0x0000000090700000, 0x0000000090800000, 0x0000000090800000|100%| E|CS|TAMS 0x0000000090700000, 0x0000000090700000| Complete 
| 264|0x0000000090800000, 0x0000000090900000, 0x0000000090900000|100%| E|CS|TAMS 0x0000000090800000, 0x0000000090800000| Complete 
| 265|0x0000000090900000, 0x0000000090a00000, 0x0000000090a00000|100%| E|CS|TAMS 0x0000000090900000, 0x0000000090900000| Complete 
| 266|0x0000000090a00000, 0x0000000090b00000, 0x0000000090b00000|100%| E|CS|TAMS 0x0000000090a00000, 0x0000000090a00000| Complete 
| 267|0x0000000090b00000, 0x0000000090c00000, 0x0000000090c00000|100%| E|CS|TAMS 0x0000000090b00000, 0x0000000090b00000| Complete 
| 268|0x0000000090c00000, 0x0000000090d00000, 0x0000000090d00000|100%| E|CS|TAMS 0x0000000090c00000, 0x0000000090c00000| Complete 
| 269|0x0000000090d00000, 0x0000000090e00000, 0x0000000090e00000|100%| E|CS|TAMS 0x0000000090d00000, 0x0000000090d00000| Complete 
| 270|0x0000000090e00000, 0x0000000090f00000, 0x0000000090f00000|100%| E|CS|TAMS 0x0000000090e00000, 0x0000000090e00000| Complete 
| 271|0x0000000090f00000, 0x0000000091000000, 0x0000000091000000|100%| E|CS|TAMS 0x0000000090f00000, 0x0000000090f00000| Complete 
| 272|0x0000000091000000, 0x0000000091100000, 0x0000000091100000|100%| E|CS|TAMS 0x0000000091000000, 0x0000000091000000| Complete 
| 273|0x0000000091100000, 0x0000000091200000, 0x0000000091200000|100%| E|CS|TAMS 0x0000000091100000, 0x0000000091100000| Complete 
| 274|0x0000000091200000, 0x0000000091300000, 0x0000000091300000|100%| E|CS|TAMS 0x0000000091200000, 0x0000000091200000| Complete 
| 275|0x0000000091300000, 0x0000000091400000, 0x0000000091400000|100%| E|CS|TAMS 0x0000000091300000, 0x0000000091300000| Complete 
| 276|0x0000000091400000, 0x0000000091500000, 0x0000000091500000|100%| E|CS|TAMS 0x0000000091400000, 0x0000000091400000| Complete 
| 277|0x0000000091500000, 0x0000000091600000, 0x0000000091600000|100%| E|CS|TAMS 0x0000000091500000, 0x0000000091500000| Complete 
| 278|0x0000000091600000, 0x0000000091700000, 0x0000000091700000|100%| E|CS|TAMS 0x0000000091600000, 0x0000000091600000| Complete 

Card table byte_map: [0x00000258e7db0000,0x00000258e81b0000] _byte_map_base: 0x00000258e79b0000

Marking Bits (Prev, Next): (CMBitMap*) 0x00000258d5014050, (CMBitMap*) 0x00000258d5014090
 Prev Bits: [0x00000258e85b0000, 0x00000258ea5b0000)
 Next Bits: [0x00000258ea5b0000, 0x00000258ec5b0000)

Polling page: 0x00000258d4740000

Metaspace:

Usage:
  Non-class:    126.76 MB used.
      Class:     19.04 MB used.
       Both:    145.80 MB used.

Virtual space:
  Non-class space:      128.00 MB reserved,     127.19 MB (>99%) committed,  2 nodes.
      Class space:        1.00 GB reserved,      19.44 MB (  2%) committed,  1 nodes.
             Both:        1.12 GB reserved,     146.62 MB ( 13%) committed. 

Chunk freelists:
   Non-Class:  416.00 KB
       Class:  12.47 MB
        Both:  12.88 MB

MaxMetaspaceSize: unlimited
CompressedClassSpaceSize: 1.00 GB
Initial GC threshold: 21.00 MB
Current GC threshold: 195.56 MB
CDS: off
MetaspaceReclaimPolicy: balanced
 - commit_granule_bytes: 65536.
 - commit_granule_words: 8192.
 - virtual_space_node_default_size: 8388608.
 - enlarge_chunks_in_place: 1.
 - new_chunks_are_fully_committed: 0.
 - uncommit_free_chunks: 1.
 - use_allocation_guard: 0.
 - handle_deallocations: 1.


Internal statistics:

num_allocs_failed_limit: 9.
num_arena_births: 1118.
num_arena_deaths: 0.
num_vsnodes_births: 3.
num_vsnodes_deaths: 0.
num_space_committed: 2344.
num_space_uncommitted: 0.
num_chunks_returned_to_freelist: 9.
num_chunks_taken_from_freelist: 6436.
num_chunk_merges: 9.
num_chunk_splits: 4789.
num_chunks_enlarged: 3752.
num_inconsistent_stats: 0.

CodeHeap 'non-profiled nmethods': size=120000Kb used=6758Kb max_used=6758Kb free=113241Kb
 bounds [0x00000258dff30000, 0x00000258e05d0000, 0x00000258e7460000]
CodeHeap 'profiled nmethods': size=120000Kb used=24118Kb max_used=24118Kb free=95881Kb
 bounds [0x00000258d8460000, 0x00000258d9bf0000, 0x00000258df990000]
CodeHeap 'non-nmethods': size=5760Kb used=2566Kb max_used=2599Kb free=3193Kb
 bounds [0x00000258df990000, 0x00000258dfc30000, 0x00000258dff30000]
 total_blobs=12830 nmethods=11698 adapters=1041
 compilation: enabled
              stopped_count=0, restarted_count=0
 full_count=0

Compilation events (20 events):
Event: 11.609 Thread 0x00000258f77f8fe0 nmethod 13646 0x00000258e03b6290 code [0x00000258e03b6740, 0x00000258e03ba7b0]
Event: 11.609 Thread 0x00000258f77f8fe0 13688       4       java.lang.String::getBytes (46 bytes)
Event: 11.610 Thread 0x00000258f77f8fe0 nmethod 13688 0x00000258e03b5d10 code [0x00000258e03b5ea0, 0x00000258e03b6138]
Event: 11.610 Thread 0x00000258f77f8fe0 13694  s    4       java.util.Hashtable::put (104 bytes)
Event: 11.618 Thread 0x00000258ef336ef0 13719       3       org.gradle.api.internal.attributes.DefaultImmutableAttributesFactory$$Lambda$614/0x000000010062e038::apply (8 bytes)
Event: 11.618 Thread 0x00000258ef336ef0 nmethod 13719 0x00000258d9bd5f90 code [0x00000258d9bd6160, 0x00000258d9bd6678]
Event: 11.618 Thread 0x00000258ef336ef0 13720       3       org.gradle.api.internal.attributes.DefaultImmutableAttributesFactory::lambda$doConcatIsolatable$0 (4 bytes)
Event: 11.618 Thread 0x00000258ef336ef0 nmethod 13720 0x00000258d9bd6810 code [0x00000258d9bd69e0, 0x00000258d9bd6d78]
Event: 11.618 Thread 0x00000258ef336ef0 13721   !   3       jdk.internal.reflect.GeneratedMethodAccessor5::invoke (96 bytes)
Event: 11.619 Thread 0x00000258ef336ef0 nmethod 13721 0x00000258d9bd6f10 code [0x00000258d9bd7160, 0x00000258d9bd7ba8]
Event: 11.619 Thread 0x00000258ef336ef0 13722       3       org.gradle.api.internal.artifacts.configurations.DefaultConfiguration::isInLegacyRole (16 bytes)
Event: 11.619 Thread 0x00000258ef336ef0 nmethod 13722 0x00000258d9bd8010 code [0x00000258d9bd81a0, 0x00000258d9bd8318]
Event: 11.619 Thread 0x00000258f77f8fe0 nmethod 13694 0x00000258e03b4710 code [0x00000258e03b4920, 0x00000258e03b5640]
Event: 11.619 Thread 0x00000258f77f8fe0 13718       4       java.lang.AbstractStringBuilder::append (45 bytes)
Event: 11.620 Thread 0x00000258ef336ef0 13723       3       kotlin.collections.CollectionsKt___CollectionsKt::drop (293 bytes)
Event: 11.621 Thread 0x00000258ef336ef0 nmethod 13723 0x00000258d9bd8390 code [0x00000258d9bd8920, 0x00000258d9bdbaa8]
Event: 11.623 Thread 0x00000258f77f8fe0 nmethod 13718 0x00000258e03b3990 code [0x00000258e03b3b40, 0x00000258e03b42f8]
Event: 11.623 Thread 0x00000258f77f8fe0 13693       4       java.util.TreeMap$ValueIterator::next (8 bytes)
Event: 11.626 Thread 0x00000258f77f8fe0 nmethod 13693 0x00000258e03b3390 code [0x00000258e03b3520, 0x00000258e03b3818]
Event: 11.626 Thread 0x00000258f77f8fe0 13682       4       org.gradle.internal.instantiation.generator.AbstractClassGenerator$PropertyMetadata::isReadableWithoutSetterOfPropertyType (36 bytes)

GC Heap History (20 events):
Event: 6.952 GC heap before
{Heap before GC invocations=38 (full 0):
 garbage-first heap   total 285696K, used 229989K [0x0000000080000000, 0x0000000100000000)
  region size 1024K, 131 young (134144K), 14 survivors (14336K)
 Metaspace       used 96862K, committed 97664K, reserved 1179648K
  class space    used 13357K, committed 13696K, reserved 1048576K
}
Event: 6.966 GC heap after
{Heap after GC invocations=39 (full 0):
 garbage-first heap   total 285696K, used 129827K [0x0000000080000000, 0x0000000100000000)
  region size 1024K, 17 young (17408K), 17 survivors (17408K)
 Metaspace       used 96862K, committed 97664K, reserved 1179648K
  class space    used 13357K, committed 13696K, reserved 1048576K
}
Event: 7.663 GC heap before
{Heap before GC invocations=39 (full 0):
 garbage-first heap   total 285696K, used 225059K [0x0000000080000000, 0x0000000100000000)
  region size 1024K, 103 young (105472K), 17 survivors (17408K)
 Metaspace       used 105490K, committed 106240K, reserved 1179648K
  class space    used 14266K, committed 14592K, reserved 1048576K
}
Event: 7.671 GC heap after
{Heap after GC invocations=40 (full 0):
 garbage-first heap   total 285696K, used 146961K [0x0000000080000000, 0x0000000100000000)
  region size 1024K, 8 young (8192K), 8 survivors (8192K)
 Metaspace       used 105490K, committed 106240K, reserved 1179648K
  class space    used 14266K, committed 14592K, reserved 1048576K
}
Event: 7.832 GC heap before
{Heap before GC invocations=40 (full 0):
 garbage-first heap   total 285696K, used 165393K [0x0000000080000000, 0x0000000100000000)
  region size 1024K, 27 young (27648K), 8 survivors (8192K)
 Metaspace       used 107701K, committed 108416K, reserved 1179648K
  class space    used 14478K, committed 14784K, reserved 1048576K
}
Event: 7.835 GC heap after
{Heap after GC invocations=41 (full 0):
 garbage-first heap   total 285696K, used 149464K [0x0000000080000000, 0x0000000100000000)
  region size 1024K, 2 young (2048K), 2 survivors (2048K)
 Metaspace       used 107701K, committed 108416K, reserved 1179648K
  class space    used 14478K, committed 14784K, reserved 1048576K
}
Event: 8.389 GC heap before
{Heap before GC invocations=42 (full 0):
 garbage-first heap   total 285696K, used 231384K [0x0000000080000000, 0x0000000100000000)
  region size 1024K, 81 young (82944K), 2 survivors (2048K)
 Metaspace       used 115161K, committed 115904K, reserved 1179648K
  class space    used 15427K, committed 15744K, reserved 1048576K
}
Event: 8.393 GC heap after
{Heap after GC invocations=43 (full 0):
 garbage-first heap   total 285696K, used 153197K [0x0000000080000000, 0x0000000100000000)
  region size 1024K, 6 young (6144K), 6 survivors (6144K)
 Metaspace       used 115161K, committed 115904K, reserved 1179648K
  class space    used 15427K, committed 15744K, reserved 1048576K
}
Event: 8.453 GC heap before
{Heap before GC invocations=43 (full 0):
 garbage-first heap   total 285696K, used 159341K [0x0000000080000000, 0x0000000100000000)
  region size 1024K, 13 young (13312K), 6 survivors (6144K)
 Metaspace       used 115613K, committed 116352K, reserved 1179648K
  class space    used 15484K, committed 15808K, reserved 1048576K
}
Event: 8.455 GC heap after
{Heap after GC invocations=44 (full 0):
 garbage-first heap   total 285696K, used 152984K [0x0000000080000000, 0x0000000100000000)
  region size 1024K, 2 young (2048K), 2 survivors (2048K)
 Metaspace       used 115613K, committed 116352K, reserved 1179648K
  class space    used 15484K, committed 15808K, reserved 1048576K
}
Event: 9.025 GC heap before
{Heap before GC invocations=44 (full 0):
 garbage-first heap   total 285696K, used 231832K [0x0000000080000000, 0x0000000100000000)
  region size 1024K, 79 young (80896K), 2 survivors (2048K)
 Metaspace       used 118957K, committed 119680K, reserved 1179648K
  class space    used 15850K, committed 16192K, reserved 1048576K
}
Event: 9.028 GC heap after
{Heap after GC invocations=45 (full 0):
 garbage-first heap   total 285696K, used 159466K [0x0000000080000000, 0x0000000100000000)
  region size 1024K, 8 young (8192K), 8 survivors (8192K)
 Metaspace       used 118957K, committed 119680K, reserved 1179648K
  class space    used 15850K, committed 16192K, reserved 1048576K
}
Event: 9.832 GC heap before
{Heap before GC invocations=46 (full 0):
 garbage-first heap   total 285696K, used 233194K [0x0000000080000000, 0x0000000100000000)
  region size 1024K, 80 young (81920K), 8 survivors (8192K)
 Metaspace       used 125808K, committed 126592K, reserved 1179648K
  class space    used 16533K, committed 16896K, reserved 1048576K
}
Event: 9.837 GC heap after
{Heap after GC invocations=47 (full 0):
 garbage-first heap   total 285696K, used 166335K [0x0000000080000000, 0x0000000100000000)
  region size 1024K, 7 young (7168K), 7 survivors (7168K)
 Metaspace       used 125808K, committed 126592K, reserved 1179648K
  class space    used 16533K, committed 16896K, reserved 1048576K
}
Event: 9.896 GC heap before
{Heap before GC invocations=47 (full 0):
 garbage-first heap   total 285696K, used 171455K [0x0000000080000000, 0x0000000100000000)
  region size 1024K, 13 young (13312K), 7 survivors (7168K)
 Metaspace       used 126574K, committed 127360K, reserved 1179648K
  class space    used 16628K, committed 16960K, reserved 1048576K
}
Event: 9.898 GC heap after
{Heap after GC invocations=48 (full 0):
 garbage-first heap   total 285696K, used 166132K [0x0000000080000000, 0x0000000100000000)
  region size 1024K, 2 young (2048K), 2 survivors (2048K)
 Metaspace       used 126574K, committed 127360K, reserved 1179648K
  class space    used 16628K, committed 16960K, reserved 1048576K
}
Event: 10.565 GC heap before
{Heap before GC invocations=48 (full 0):
 garbage-first heap   total 285696K, used 235764K [0x0000000080000000, 0x0000000100000000)
  region size 1024K, 70 young (71680K), 2 survivors (2048K)
 Metaspace       used 136458K, committed 137280K, reserved 1179648K
  class space    used 17726K, committed 18112K, reserved 1048576K
}
Event: 10.567 GC heap after
{Heap after GC invocations=49 (full 0):
 garbage-first heap   total 285696K, used 167298K [0x0000000080000000, 0x0000000100000000)
  region size 1024K, 3 young (3072K), 3 survivors (3072K)
 Metaspace       used 136458K, committed 137280K, reserved 1179648K
  class space    used 17726K, committed 18112K, reserved 1048576K
}
Event: 11.188 GC heap before
{Heap before GC invocations=49 (full 0):
 garbage-first heap   total 285696K, used 238978K [0x0000000080000000, 0x0000000100000000)
  region size 1024K, 73 young (74752K), 3 survivors (3072K)
 Metaspace       used 143891K, committed 144704K, reserved 1179648K
  class space    used 18542K, committed 18944K, reserved 1048576K
}
Event: 11.190 GC heap after
{Heap after GC invocations=50 (full 0):
 garbage-first heap   total 285696K, used 169777K [0x0000000080000000, 0x0000000100000000)
  region size 1024K, 5 young (5120K), 5 survivors (5120K)
 Metaspace       used 143891K, committed 144704K, reserved 1179648K
  class space    used 18542K, committed 18944K, reserved 1048576K
}

Dll operation events (3 events):
Event: 0.006 Loaded shared library C:\Program Files\Android\Android Studio\jbr\bin\java.dll
Event: 0.086 Loaded shared library C:\Program Files\Android\Android Studio\jbr\bin\zip.dll
Event: 0.310 Loaded shared library C:\Program Files\Android\Android Studio\jbr\bin\verify.dll

Deoptimization events (20 events):
Event: 11.527 Thread 0x00000258f5e20030 DEOPT PACKING pc=0x00000258e027c770 sp=0x00000072a14f7560
Event: 11.527 Thread 0x00000258f5e20030 DEOPT UNPACKING pc=0x00000258df9e69a3 sp=0x00000072a14f72e0 mode 2
Event: 11.528 Thread 0x00000258f5e20030 Uncommon trap: trap_request=0xffffffbe fr.pc=0x00000258e027c770 relative=0x00000000000015d0
Event: 11.528 Thread 0x00000258f5e20030 Uncommon trap: reason=profile_predicate action=maybe_recompile pc=0x00000258e027c770 method=java.lang.invoke.InvokerBytecodeGenerator.<init>(Ljava/lang/String;Ljava/lang/String;Ljava/lang/invoke/LambdaForm;Ljava/lang/invoke/MethodType;)V @ 33 c2
Event: 11.528 Thread 0x00000258f5e20030 DEOPT PACKING pc=0x00000258e027c770 sp=0x00000072a14f74e0
Event: 11.528 Thread 0x00000258f5e20030 DEOPT UNPACKING pc=0x00000258df9e69a3 sp=0x00000072a14f7260 mode 2
Event: 11.528 Thread 0x00000258f5e20030 Uncommon trap: trap_request=0xffffffbe fr.pc=0x00000258e027c770 relative=0x00000000000015d0
Event: 11.528 Thread 0x00000258f5e20030 Uncommon trap: reason=profile_predicate action=maybe_recompile pc=0x00000258e027c770 method=java.lang.invoke.InvokerBytecodeGenerator.<init>(Ljava/lang/String;Ljava/lang/String;Ljava/lang/invoke/LambdaForm;Ljava/lang/invoke/MethodType;)V @ 33 c2
Event: 11.528 Thread 0x00000258f5e20030 DEOPT PACKING pc=0x00000258e027c770 sp=0x00000072a14f74d0
Event: 11.528 Thread 0x00000258f5e20030 DEOPT UNPACKING pc=0x00000258df9e69a3 sp=0x00000072a14f7250 mode 2
Event: 11.528 Thread 0x00000258f5e20030 Uncommon trap: trap_request=0xffffffbe fr.pc=0x00000258e021baf0 relative=0x00000000000013d0
Event: 11.528 Thread 0x00000258f5e20030 Uncommon trap: reason=profile_predicate action=maybe_recompile pc=0x00000258e021baf0 method=java.lang.invoke.InvokerBytecodeGenerator.<init>(Ljava/lang/String;Ljava/lang/String;Ljava/lang/invoke/LambdaForm;Ljava/lang/invoke/MethodType;)V @ 33 c2
Event: 11.528 Thread 0x00000258f5e20030 DEOPT PACKING pc=0x00000258e021baf0 sp=0x00000072a14f7430
Event: 11.528 Thread 0x00000258f5e20030 DEOPT UNPACKING pc=0x00000258df9e69a3 sp=0x00000072a14f7228 mode 2
Event: 11.532 Thread 0x00000258f5e20030 Uncommon trap: trap_request=0xffffff45 fr.pc=0x00000258e02fa548 relative=0x0000000000000048
Event: 11.532 Thread 0x00000258f5e20030 Uncommon trap: reason=unstable_if action=reinterpret pc=0x00000258e02fa548 method=java.lang.StringConcatHelper.stringOf(Ljava/lang/Object;)Ljava/lang/String; @ 1 c2
Event: 11.532 Thread 0x00000258f5e20030 DEOPT PACKING pc=0x00000258e02fa548 sp=0x00000072a14f87b0
Event: 11.532 Thread 0x00000258f5e20030 DEOPT UNPACKING pc=0x00000258df9e69a3 sp=0x00000072a14f8740 mode 2
Event: 11.570 Thread 0x00000258f5e20030 DEOPT PACKING pc=0x00000258d8fc166d sp=0x00000072a14f83d0
Event: 11.570 Thread 0x00000258f5e20030 DEOPT UNPACKING pc=0x00000258df9e7143 sp=0x00000072a14f7970 mode 0

Classes unloaded (0 events):
No events

Classes redefined (0 events):
No events

Internal exceptions (20 events):
Event: 8.242 Thread 0x00000258f5e20030 Exception <a 'java/lang/NoSuchMethodError'{0x000000008e5a7980}: 'java.lang.Object java.lang.invoke.DirectMethodHandle$Holder.invokeStatic(java.lang.Object, java.lang.Object, java.lang.Object, java.lang.Object, int)'> (0x000000008e5a7980) 
thrown [s\src\hotspot\share\interpreter\linkResolver.cpp, line 771]
Event: 9.086 Thread 0x00000258f5e20030 Exception <a 'java/lang/IncompatibleClassChangeError'{0x00000000911ddd98}: Found class java.lang.Object, but interface was expected> (0x00000000911ddd98) 
thrown [s\src\hotspot\share\interpreter\linkResolver.cpp, line 838]
Event: 9.093 Thread 0x00000258f5e20030 Exception <a 'java/lang/NoSuchMethodError'{0x000000009106f6e0}: 'int java.lang.invoke.DirectMethodHandle$Holder.invokeStaticInit(java.lang.Object, int)'> (0x000000009106f6e0) 
thrown [s\src\hotspot\share\interpreter\linkResolver.cpp, line 771]
Event: 9.202 Thread 0x00000258f5e20030 Exception <a 'java/lang/NoSuchMethodError'{0x00000000905648f0}: 'int java.lang.invoke.DirectMethodHandle$Holder.invokeSpecial(java.lang.Object, java.lang.Object, int, int)'> (0x00000000905648f0) 
thrown [s\src\hotspot\share\interpreter\linkResolver.cpp, line 771]
Event: 9.869 Thread 0x00000258f5e20030 Exception <a 'java/lang/NoSuchMethodError'{0x0000000091381f00}: 'java.lang.Object java.lang.invoke.DirectMethodHandle$Holder.newInvokeSpecial(java.lang.Object, java.lang.Object, java.lang.Object, int, int, java.lang.Object, java.lang.Object)'> (0x0000000091381f00) 
thrown [s\src\hotspot\share\interpreter\linkResolver.cpp, line 771]
Event: 10.927 Thread 0x00000258f45b9330 Exception <a 'sun/nio/fs/WindowsException'{0x000000008f60f510}> (0x000000008f60f510) 
thrown [s\src\hotspot\share\prims\jni.cpp, line 517]
Event: 10.937 Thread 0x00000258f45b9330 Exception <a 'sun/nio/fs/WindowsException'{0x000000008f6b7ac0}> (0x000000008f6b7ac0) 
thrown [s\src\hotspot\share\prims\jni.cpp, line 517]
Event: 10.938 Thread 0x00000258f45b9330 Exception <a 'sun/nio/fs/WindowsException'{0x000000008f6b7c38}> (0x000000008f6b7c38) 
thrown [s\src\hotspot\share\prims\jni.cpp, line 517]
Event: 10.979 Thread 0x00000258f5e20030 Exception <a 'java/lang/NoSuchMethodError'{0x000000008f3dde80}: 'int java.lang.invoke.DirectMethodHandle$Holder.invokeSpecialIFC(java.lang.Object, java.lang.Object, java.lang.Object, java.lang.Object, java.lang.Object)'> (0x000000008f3dde80) 
thrown [s\src\hotspot\share\interpreter\linkResolver.cpp, line 771]
Event: 11.453 Thread 0x00000258f5e20030 Exception <a 'java/lang/NoSuchMethodError'{0x000000008efa8fb0}: 'java.lang.Object java.lang.invoke.DirectMethodHandle$Holder.invokeSpecial(java.lang.Object, java.lang.Object, java.lang.Object, java.lang.Object, int, java.lang.Object)'> (0x000000008efa8fb0) 
thrown [s\src\hotspot\share\interpreter\linkResolver.cpp, line 771]
Event: 11.453 Thread 0x00000258f5e20030 Exception <a 'java/lang/NoSuchMethodError'{0x000000008efadd08}: 'java.lang.Object java.lang.invoke.Invokers$Holder.invokeExact_MT(java.lang.Object, java.lang.Object, java.lang.Object, int, java.lang.Object, java.lang.Object)'> (0x000000008efadd08) 
thrown [s\src\hotspot\share\interpreter\linkResolver.cpp, line 771]
Event: 11.530 Thread 0x00000258f5e20030 Exception <a 'java/lang/NoSuchMethodError'{0x000000008e559128}: 'java.lang.Object java.lang.invoke.DelegatingMethodHandle$Holder.reinvoke_L(java.lang.Object, java.lang.Object, long, int, int, int, int, int, int, java.lang.Object, int, int, int, int, java.lang.Object)'> (0x000000008e559128) 
thrown [s\src\hotspot\share\interpreter\linkResolver.cpp, line 771]
Event: 11.531 Thread 0x00000258f5e20030 Exception <a 'java/lang/NoSuchMethodError'{0x000000008e59b358}: 'java.lang.Object java.lang.invoke.DirectMethodHandle$Holder.invokeSpecial(java.lang.Object, java.lang.Object, long, int, int, int, int, int, int, java.lang.Object, int, int, int, int, java.lang.Object)'> (0x000000008e59b358) 
thrown [s\src\hotspot\share\interpreter\linkResolver.cpp, line 771]
Event: 11.532 Thread 0x00000258f5e20030 Exception <a 'java/lang/NoSuchMethodError'{0x000000008e5a01e8}: 'java.lang.Object java.lang.invoke.DelegatingMethodHandle$Holder.reinvoke_L(java.lang.Object, long, int, int, int, int, int, int, java.lang.Object, int, int, int, int, java.lang.Object)'> (0x000000008e5a01e8) 
thrown [s\src\hotspot\share\interpreter\linkResolver.cpp, line 771]
Event: 11.581 Thread 0x00000258f5e20030 Exception <a 'java/lang/ClassNotFoundException'{0x000000008de59af8}: com/android/build/gradle/internal/api/ApkVariantOutputImpl_DecoratedBeanInfo> (0x000000008de59af8) 
thrown [s\src\hotspot\share\classfile\systemDictionary.cpp, line 256]
Event: 11.581 Thread 0x00000258f5e20030 Exception <a 'java/lang/ClassNotFoundException'{0x000000008de66b48}: com/android/build/gradle/internal/api/ApkVariantOutputImplBeanInfo> (0x000000008de66b48) 
thrown [s\src\hotspot\share\classfile\systemDictionary.cpp, line 256]
Event: 11.582 Thread 0x00000258f5e20030 Exception <a 'java/lang/ClassNotFoundException'{0x000000008de73bb0}: com/android/build/gradle/internal/api/BaseVariantOutputImplBeanInfo> (0x000000008de73bb0) 
thrown [s\src\hotspot\share\classfile\systemDictionary.cpp, line 256]
Event: 11.582 Thread 0x00000258f5e20030 Exception <a 'java/lang/ClassNotFoundException'{0x000000008de80ed0}: com/android/build/gradle/internal/api/BaseVariantOutputImplCustomizer> (0x000000008de80ed0) 
thrown [s\src\hotspot\share\classfile\systemDictionary.cpp, line 256]
Event: 11.582 Thread 0x00000258f5e20030 Exception <a 'java/lang/ClassNotFoundException'{0x000000008dea0de8}: com/android/build/gradle/internal/api/ApkVariantOutputImplCustomizer> (0x000000008dea0de8) 
thrown [s\src\hotspot\share\classfile\systemDictionary.cpp, line 256]
Event: 11.583 Thread 0x00000258f5e20030 Exception <a 'java/lang/ClassNotFoundException'{0x000000008debbcf8}: com/android/build/gradle/internal/api/ApkVariantOutputImpl_DecoratedCustomizer> (0x000000008debbcf8) 
thrown [s\src\hotspot\share\classfile\systemDictionary.cpp, line 256]

VM Operations (20 events):
Event: 10.701 Executing VM operation: HandshakeAllThreads
Event: 10.701 Executing VM operation: HandshakeAllThreads done
Event: 10.711 Executing VM operation: HandshakeAllThreads
Event: 10.711 Executing VM operation: HandshakeAllThreads done
Event: 10.853 Executing VM operation: ICBufferFull
Event: 10.853 Executing VM operation: ICBufferFull done
Event: 10.899 Executing VM operation: HandshakeAllThreads
Event: 10.899 Executing VM operation: HandshakeAllThreads done
Event: 10.919 Executing VM operation: HandshakeAllThreads
Event: 10.919 Executing VM operation: HandshakeAllThreads done
Event: 10.921 Executing VM operation: HandshakeAllThreads
Event: 10.921 Executing VM operation: HandshakeAllThreads done
Event: 11.179 Executing VM operation: ICBufferFull
Event: 11.179 Executing VM operation: ICBufferFull done
Event: 11.188 Executing VM operation: G1CollectForAllocation
Event: 11.190 Executing VM operation: G1CollectForAllocation done
Event: 11.194 Executing VM operation: HandshakeAllThreads
Event: 11.194 Executing VM operation: HandshakeAllThreads done
Event: 11.580 Executing VM operation: ICBufferFull
Event: 11.580 Executing VM operation: ICBufferFull done

Events (20 events):
Event: 10.263 Thread 0x00000258ef339900 flushing nmethod 0x00000258d994bf90
Event: 10.263 Thread 0x00000258ef339900 flushing nmethod 0x00000258d99a4590
Event: 10.263 Thread 0x00000258ef339900 flushing nmethod 0x00000258d99a4990
Event: 10.263 Thread 0x00000258ef339900 flushing nmethod 0x00000258d99dd010
Event: 10.263 Thread 0x00000258ef339900 flushing nmethod 0x00000258d99eaa10
Event: 10.263 Thread 0x00000258ef339900 flushing nmethod 0x00000258d9a0a210
Event: 10.724 loading class java/util/Vector$Itr
Event: 10.724 loading class java/util/Vector$Itr done
Event: 10.875 Thread 0x00000258fbe2a1a0 Thread added: 0x00000258fbe2a1a0
Event: 10.928 loading class java/util/zip/ZipInputStream
Event: 10.929 loading class java/util/zip/ZipInputStream done
Event: 11.164 loading class sun/reflect/generics/repository/FieldRepository
Event: 11.164 loading class sun/reflect/generics/repository/FieldRepository done
Event: 11.175 Thread 0x00000258f77f8fe0 Thread added: 0x00000258f77f8fe0
Event: 11.185 loading class java/util/concurrent/LinkedBlockingDeque$Itr
Event: 11.185 loading class java/util/concurrent/LinkedBlockingDeque$AbstractItr
Event: 11.185 loading class java/util/concurrent/LinkedBlockingDeque$AbstractItr done
Event: 11.185 loading class java/util/concurrent/LinkedBlockingDeque$Itr done
Event: 11.206 loading class java/util/regex/Pattern$Caret
Event: 11.206 loading class java/util/regex/Pattern$Caret done


Dynamic libraries:
0x00007ff6febf0000 - 0x00007ff6febfa000 	C:\Program Files\Android\Android Studio\jbr\bin\java.exe
0x00007ff95d4f0000 - 0x00007ff95d706000 	C:\Windows\SYSTEM32\ntdll.dll
0x00007ff95b5b0000 - 0x00007ff95b674000 	C:\Windows\System32\KERNEL32.DLL
0x00007ff95a8a0000 - 0x00007ff95ac46000 	C:\Windows\System32\KERNELBASE.dll
0x0000000069820000 - 0x0000000069b52000 	C:\Program Files\Norton Security\NortonData\22.23.10.10\Definitions\IPSDefs\20240328.064\IPSEng64.dll
0x00007ff95d3f0000 - 0x00007ff95d4a2000 	C:\Windows\System32\ADVAPI32.dll
0x00007ff95c3a0000 - 0x00007ff95c447000 	C:\Windows\System32\msvcrt.dll
0x00007ff95b6e0000 - 0x00007ff95b788000 	C:\Windows\System32\sechost.dll
0x00007ff95adf0000 - 0x00007ff95ae18000 	C:\Windows\System32\bcrypt.dll
0x00007ff95c0c0000 - 0x00007ff95c1d5000 	C:\Windows\System32\RPCRT4.dll
0x00007ff95b6d0000 - 0x00007ff95b6d8000 	C:\Windows\System32\PSAPI.DLL
0x00007ff95ae20000 - 0x00007ff95af31000 	C:\Windows\System32\ucrtbase.dll
0x00007ff9420f0000 - 0x00007ff942107000 	C:\Program Files\Android\Android Studio\jbr\bin\jli.dll
0x00007ff933d80000 - 0x00007ff933d9b000 	C:\Program Files\Android\Android Studio\jbr\bin\VCRUNTIME140.dll
0x00007ff95ce50000 - 0x00007ff95cffd000 	C:\Windows\System32\USER32.dll
0x00007ff95af40000 - 0x00007ff95af66000 	C:\Windows\System32\win32u.dll
0x00007ff95d260000 - 0x00007ff95d289000 	C:\Windows\System32\GDI32.dll
0x00007ff95acd0000 - 0x00007ff95ade8000 	C:\Windows\System32\gdi32full.dll
0x00007ff942730000 - 0x00007ff9429c3000 	C:\Windows\WinSxS\amd64_microsoft.windows.common-controls_6595b64144ccf1df_6.0.22621.3235_none_270f74e173860f98\COMCTL32.dll
0x00007ff95b030000 - 0x00007ff95b0ca000 	C:\Windows\System32\msvcp_win.dll
0x00007ff95b3a0000 - 0x00007ff95b3d1000 	C:\Windows\System32\IMM32.DLL
0x00007ff949d70000 - 0x00007ff949d7c000 	C:\Program Files\Android\Android Studio\jbr\bin\vcruntime140_1.dll
0x00007ff8f3720000 - 0x00007ff8f37ad000 	C:\Program Files\Android\Android Studio\jbr\bin\msvcp140.dll
0x00007ff8e4c70000 - 0x00007ff8e58f3000 	C:\Program Files\Android\Android Studio\jbr\bin\server\jvm.dll
0x00007ff955260000 - 0x00007ff95526a000 	C:\Windows\SYSTEM32\VERSION.dll
0x00007ff95a700000 - 0x00007ff95a74d000 	C:\Windows\SYSTEM32\POWRPROF.dll
0x00007ff9549b0000 - 0x00007ff9549e4000 	C:\Windows\SYSTEM32\WINMM.dll
0x00007ff93bbe0000 - 0x00007ff93bbe9000 	C:\Windows\SYSTEM32\WSOCK32.dll
0x00007ff95d1e0000 - 0x00007ff95d251000 	C:\Windows\System32\WS2_32.dll
0x00007ff95a6e0000 - 0x00007ff95a6f3000 	C:\Windows\SYSTEM32\UMPDC.dll
0x00007ff9597d0000 - 0x00007ff9597e8000 	C:\Windows\SYSTEM32\kernel.appcore.dll
0x00007ff947530000 - 0x00007ff94753a000 	C:\Program Files\Android\Android Studio\jbr\bin\jimage.dll
0x00007ff9512d0000 - 0x00007ff951503000 	C:\Windows\SYSTEM32\DBGHELP.DLL
0x00007ff95b790000 - 0x00007ff95bb18000 	C:\Windows\System32\combase.dll
0x00007ff95d000000 - 0x00007ff95d0d7000 	C:\Windows\System32\OLEAUT32.dll
0x00007ff94b440000 - 0x00007ff94b472000 	C:\Windows\SYSTEM32\dbgcore.DLL
0x00007ff95ac50000 - 0x00007ff95acca000 	C:\Windows\System32\bcryptPrimitives.dll
0x00007ff943db0000 - 0x00007ff943dbe000 	C:\Program Files\Android\Android Studio\jbr\bin\instrument.dll
0x00007ff945f50000 - 0x00007ff945f75000 	C:\Program Files\Android\Android Studio\jbr\bin\java.dll
0x00007ff947510000 - 0x00007ff947528000 	C:\Program Files\Android\Android Studio\jbr\bin\zip.dll
0x00007ff95c5f0000 - 0x00007ff95ce4d000 	C:\Windows\System32\SHELL32.dll
0x00007ff958740000 - 0x00007ff959038000 	C:\Windows\SYSTEM32\windows.storage.dll
0x00007ff958600000 - 0x00007ff95873e000 	C:\Windows\SYSTEM32\wintypes.dll
0x00007ff95d0e0000 - 0x00007ff95d1d3000 	C:\Windows\System32\SHCORE.dll
0x00007ff95bbc0000 - 0x00007ff95bc1e000 	C:\Windows\System32\shlwapi.dll
0x00007ff95a760000 - 0x00007ff95a786000 	C:\Windows\SYSTEM32\profapi.dll
0x00007ff943a30000 - 0x00007ff943a49000 	C:\Program Files\Android\Android Studio\jbr\bin\net.dll
0x00007ff954020000 - 0x00007ff954157000 	C:\Windows\SYSTEM32\WINHTTP.dll
0x00007ff959ca0000 - 0x00007ff959d09000 	C:\Windows\system32\mswsock.dll
0x00007ff942110000 - 0x00007ff942126000 	C:\Program Files\Android\Android Studio\jbr\bin\nio.dll
0x00007ff943ff0000 - 0x00007ff944000000 	C:\Program Files\Android\Android Studio\jbr\bin\verify.dll
0x00007ff935a90000 - 0x00007ff935ab7000 	C:\Users\vic_g\.gradle\native\c067742578af261105cb4f569cf0c3c89f3d7b1fecec35dd04571415982c5e48\windows-amd64\native-platform.dll
0x00007ff8eb330000 - 0x00007ff8eb474000 	C:\Users\vic_g\.gradle\native\38dada09dfb8b06ba9b0570ebf7e218e3eb74d4ef43ca46872605cf95ebc2f47\windows-amd64\native-platform-file-events.dll
0x00007ff945850000 - 0x00007ff945859000 	C:\Program Files\Android\Android Studio\jbr\bin\management.dll
0x00007ff944140000 - 0x00007ff94414b000 	C:\Program Files\Android\Android Studio\jbr\bin\management_ext.dll
0x00007ff959ff0000 - 0x00007ff95a00b000 	C:\Windows\SYSTEM32\CRYPTSP.dll
0x00007ff959790000 - 0x00007ff9597c5000 	C:\Windows\system32\rsaenh.dll
0x00007ff959d40000 - 0x00007ff959d6c000 	C:\Windows\SYSTEM32\USERENV.dll
0x00007ff959fd0000 - 0x00007ff959fdc000 	C:\Windows\SYSTEM32\CRYPTBASE.dll
0x00007ff9592a0000 - 0x00007ff9592cd000 	C:\Windows\SYSTEM32\IPHLPAPI.DLL
0x00007ff95bb30000 - 0x00007ff95bb39000 	C:\Windows\System32\NSI.dll
0x00007ff953b00000 - 0x00007ff953b19000 	C:\Windows\SYSTEM32\dhcpcsvc6.DLL
0x00007ff953ad0000 - 0x00007ff953aef000 	C:\Windows\SYSTEM32\dhcpcsvc.DLL
0x00007ff959310000 - 0x00007ff959409000 	C:\Windows\SYSTEM32\DNSAPI.dll
0x00007ff945ee0000 - 0x00007ff945ee8000 	C:\Windows\system32\wshunix.dll

dbghelp: loaded successfully - version: 4.0.5 - missing functions: none
symbol engine: initialized successfully - sym options: 0x614 - pdb path: .;C:\Program Files\Android\Android Studio\jbr\bin;C:\Windows\SYSTEM32;C:\Program Files\Norton Security\NortonData\22.23.10.10\Definitions\IPSDefs\20240328.064;C:\Windows\WinSxS\amd64_microsoft.windows.common-controls_6595b64144ccf1df_6.0.22621.3235_none_270f74e173860f98;C:\Program Files\Android\Android Studio\jbr\bin\server;C:\Users\vic_g\.gradle\native\c067742578af261105cb4f569cf0c3c89f3d7b1fecec35dd04571415982c5e48\windows-amd64;C:\Users\vic_g\.gradle\native\38dada09dfb8b06ba9b0570ebf7e218e3eb74d4ef43ca46872605cf95ebc2f47\windows-amd64

VM Arguments:
jvm_args: --add-opens=java.base/java.util=ALL-UNNAMED --add-opens=java.base/java.lang=ALL-UNNAMED --add-opens=java.base/java.lang.invoke=ALL-UNNAMED --add-opens=java.prefs/java.util.prefs=ALL-UNNAMED --add-opens=java.base/java.nio.charset=ALL-UNNAMED --add-opens=java.base/java.net=ALL-UNNAMED --add-opens=java.base/java.util.concurrent.atomic=ALL-UNNAMED -Xmx2048m -Dfile.encoding=UTF-8 -Duser.country=MX -Duser.language=es -Duser.variant -javaagent:C:\Users\vic_g\.gradle\wrapper\dists\gradle-8.4-bin\1w5dpkrfk8irigvoxmyhowfim\gradle-8.4\lib\agents\gradle-instrumentation-agent-8.4.jar 
java_command: org.gradle.launcher.daemon.bootstrap.GradleDaemon 8.4
java_class_path (initial): C:\Users\vic_g\.gradle\wrapper\dists\gradle-8.4-bin\1w5dpkrfk8irigvoxmyhowfim\gradle-8.4\lib\gradle-launcher-8.4.jar
Launcher Type: SUN_STANDARD

[Global flags]
     intx CICompilerCount                          = 4                                         {product} {ergonomic}
     uint ConcGCThreads                            = 3                                         {product} {ergonomic}
     uint G1ConcRefinementThreads                  = 10                                        {product} {ergonomic}
   size_t G1HeapRegionSize                         = 1048576                                   {product} {ergonomic}
    uintx GCDrainStackTargetSize                   = 64                                        {product} {ergonomic}
   size_t InitialHeapSize                          = 232783872                                 {product} {ergonomic}
   size_t MarkStackSize                            = 4194304                                   {product} {ergonomic}
   size_t MaxHeapSize                              = 2147483648                                {product} {command line}
   size_t MaxNewSize                               = 1287651328                                {product} {ergonomic}
   size_t MinHeapDeltaBytes                        = 1048576                                   {product} {ergonomic}
   size_t MinHeapSize                              = 8388608                                   {product} {ergonomic}
    uintx NonNMethodCodeHeapSize                   = 5839372                                {pd product} {ergonomic}
    uintx NonProfiledCodeHeapSize                  = 122909434                              {pd product} {ergonomic}
    uintx ProfiledCodeHeapSize                     = 122909434                              {pd product} {ergonomic}
    uintx ReservedCodeCacheSize                    = 251658240                              {pd product} {ergonomic}
     bool SegmentedCodeCache                       = true                                      {product} {ergonomic}
   size_t SoftMaxHeapSize                          = 2147483648                             {manageable} {ergonomic}
     bool UseCompressedClassPointers               = true                           {product lp64_product} {ergonomic}
     bool UseCompressedOops                        = true                           {product lp64_product} {ergonomic}
     bool UseG1GC                                  = true                                      {product} {ergonomic}
     bool UseLargePagesIndividualAllocation        = false                                  {pd product} {ergonomic}

Logging:
Log output configuration:
 #0: stdout all=warning uptime,level,tags
 #1: stderr all=off uptime,level,tags

Environment Variables:
PATH=C:\Program Files (x86)\Common Files\Oracle\Java\javapath;C:\Program Files (x86)\VMware\VMware Workstation\bin\;C:\Python311\Scripts\;C:\Python311\;C:\Windows\system32;C:\Windows;C:\Windows\System32\Wbem;C:\Windows\System32\WindowsPowerShell\v1.0\;C:\Windows\System32\OpenSSH\;C:\ProgramData\chocolatey\bin;C:\Program Files\dotnet\;C:\Program Files\Microsoft SQL Server\150\Tools\Binn\;C:\Program Files\Microsoft SQL Server\Client SDK\ODBC\170\Tools\Binn\;C:\Program Files\nodejs\;C:\Program Files\Git\cmd;C:\Program Files\PowerShell\7\;C:\Program Files\PowerShell\7-preview\preview;C:\Users\vic_g\AppData\Local\Microsoft\WindowsApps;C:\Users\vic_g\AppData\Local\GitHubDesktop\bin;C:\Windows\Microsoft.NET\Framework64\v4.0.30319;C:\xampp\php;C:\Users\vic_g\composer;C:\Users\vic_g\AppData\Roaming\Composer\vendor\bin;C:\Users\vic_g\.dotnet\tools;C:\Users\vic_g\AppData\Local\Programs\Microsoft VS Code\bin;C:\Users\vic_g\AppData\Roaming\npm
USERNAME=vic_g
OS=Windows_NT
PROCESSOR_IDENTIFIER=AMD64 Family 25 Model 80 Stepping 0, AuthenticAMD
TMP=C:\Users\vic_g\AppData\Local\Temp
TEMP=C:\Users\vic_g\AppData\Local\Temp



Periodic native trim disabled

JNI global refs:
JNI global refs: 28, weak refs: 0

JNI global refs memory usage: 843, weak refs: 841

OOME stack traces (most recent first):
Classloader memory used:
Loader org.gradle.internal.classloader.VisitableURLClassLoader                         : 11575K
Loader bootstrap                                                                       : 2924K
Loader org.gradle.internal.classloader.VisitableURLClassLoader$InstrumentingVisitableURLClassLoader: 2728K
Loader org.gradle.initialization.MixInLegacyTypesClassLoader                           : 1153K
Loader org.gradle.internal.classloader.VisitableURLClassLoader                         : 76855B
Loader jdk.internal.loader.ClassLoaders$PlatformClassLoader                            : 68419B
Loader jdk.internal.reflect.DelegatingClassLoader                                      : 63789B
Loader jdk.internal.jrtfs.JrtFileSystemProvider$JrtFsLoader                            : 41396B
Loader jdk.internal.loader.ClassLoaders$AppClassLoader                                 : 28460B
Loader org.gradle.groovy.scripts.internal.DefaultScriptCompilationHandler$ScriptClassLoader: 10833B
Loader org.codehaus.groovy.runtime.callsite.CallSiteClassLoader                        : 6362B
Loader sun.reflect.misc.MethodUtil                                                     : 373B


[error occurred during error reporting (Classloader stats), id 0xe0000001, Out of Memory Error (s\src\hotspot\share\memory\arena.cpp:79)]


---------------  S Y S T E M  ---------------

OS:
 Windows 11 , 64 bit Build 22621 (10.0.22621.3235)
OS uptime: 0 days 4:44 hours
Hyper-V role detected

CPU: total 12 (initial active 12) (12 cores per cpu, 2 threads per core) family 25 model 80 stepping 0 microcode 0x0, cx8, cmov, fxsr, ht, mmx, 3dnowpref, sse, sse2, sse3, ssse3, sse4a, sse4.1, sse4.2, popcnt, lzcnt, tsc, tscinvbit, avx, avx2, aes, erms, clmul, bmi1, bmi2, adx, sha, fma, vzeroupper, clflush, clflushopt, hv
Processor Information for all 12 processors :
  Max Mhz: 3901, Current Mhz: 3901, Mhz Limit: 3901

Memory: 4k page, system-wide physical 14127M (1299M free)
TotalPageFile size 17199M (AvailPageFile size 5M)
current process WorkingSet (physical memory assigned to process): 635M, peak: 635M
current process commit charge ("private bytes"): 670M, peak: 671M

vm_info: OpenJDK 64-Bit Server VM (17.0.9+0--11185874) for windows-amd64 JRE (17.0.9+0--11185874), built on Dec  6 2023 18:57:44 by "androidbuild" with MS VC++ 16.10 / 16.11 (VS2019)

END.
